[2.433s] Invoking command in '/home/pdas/UAV_NAV_ROS/build/ekf2_estimator': PYTHONPATH=/home/pdas/UAV_NAV_ROS/build/ekf2_estimator/prefix_override:/usr/lib/python3/dist-packages/colcon_core/task/python/colcon_distutils_commands:/home/pdas/UAV_NAV_ROS/install/ekf2_estimator/lib/python3.12/site-packages:${PYTHONPATH} /usr/bin/python3 -W ignore:setup.py install is deprecated -W ignore:easy_install command is deprecated setup.py develop --editable --build-directory /home/pdas/UAV_NAV_ROS/build/ekf2_estimator/build --no-deps symlink_data
[3.008s] running develop
[3.304s] running egg_info
[3.304s] creating ekf2_estimator.egg-info
[3.336s] writing ekf2_estimator.egg-info/PKG-INFO
[3.337s] writing dependency_links to ekf2_estimator.egg-info/dependency_links.txt
[3.338s] writing entry points to ekf2_estimator.egg-info/entry_points.txt
[3.338s] writing requirements to ekf2_estimator.egg-info/requires.txt
[3.338s] writing top-level names to ekf2_estimator.egg-info/top_level.txt
[3.338s] writing manifest file 'ekf2_estimator.egg-info/SOURCES.txt'
[3.394s] reading manifest file 'ekf2_estimator.egg-info/SOURCES.txt'
[3.395s] writing manifest file 'ekf2_estimator.egg-info/SOURCES.txt'
[3.426s] running build_ext
[3.426s] Creating /home/pdas/UAV_NAV_ROS/install/ekf2_estimator/lib/python3.12/site-packages/ekf2-estimator.egg-link (link to .)
[3.427s] Installing ekf2_node script to /home/pdas/UAV_NAV_ROS/install/ekf2_estimator/bin
[3.428s] 
[3.428s] Installed /home/pdas/UAV_NAV_ROS/build/ekf2_estimator
[3.428s] running symlink_data
[3.430s] creating /home/pdas/UAV_NAV_ROS/install/ekf2_estimator/share/ament_index
[3.431s] creating /home/pdas/UAV_NAV_ROS/install/ekf2_estimator/share/ament_index/resource_index
[3.431s] creating /home/pdas/UAV_NAV_ROS/install/ekf2_estimator/share/ament_index/resource_index/packages
[3.432s] error: can't copy '/home/pdas/UAV_NAV_ROS/build/ekf2_estimator/resource/ekf2_estimator': doesn't exist or not a regular file
