[0.162s] DEBUG:colcon:Command line arguments: ['/usr/bin/colcon', 'build', '--symlink-install', '--packages-select', 'gps_zoe_m8q_driver']
[0.162s] DEBUG:colcon:Parsed command line arguments: Namespace(log_base=None, log_level=None, verb_name='build', build_base='build', install_base='install', merge_install=False, symlink_install=True, test_result_base=None, continue_on_error=False, executor='parallel', parallel_workers=4, event_handlers=None, ignore_user_meta=False, metas=['./colcon.meta'], base_paths=['.'], packages_ignore=None, packages_ignore_regex=None, paths=None, packages_up_to=None, packages_up_to_regex=None, packages_above=None, packages_above_and_dependencies=None, packages_above_depth=None, packages_select_by_dep=None, packages_skip_by_dep=None, packages_skip_up_to=None, packages_select_build_failed=False, packages_skip_build_finished=False, packages_select_test_failures=False, packages_skip_test_passed=False, packages_select=['gps_zoe_m8q_driver'], packages_skip=None, packages_select_regex=None, packages_skip_regex=None, packages_start=None, packages_end=None, allow_overriding=[], cmake_args=None, cmake_target=None, cmake_target_skip_unavailable=False, cmake_clean_cache=False, cmake_clean_first=False, cmake_force_configure=False, ament_cmake_args=None, catkin_cmake_args=None, catkin_skip_building_tests=False, mixin_files=None, mixin=None, verb_parser=<colcon_mixin.mixin.mixin_argument.MixinArgumentDecorator object at 0xffff87d13a10>, verb_extension=<colcon_core.verb.build.BuildVerb object at 0xffff87ffe990>, main=<bound method BuildVerb.main of <colcon_core.verb.build.BuildVerb object at 0xffff87ffe990>>, mixin_verb=('build',))
[0.219s] Level 1:colcon.colcon_core.package_discovery:discover_packages(colcon_meta) check parameters
[0.219s] Level 1:colcon.colcon_core.package_discovery:discover_packages(recursive) check parameters
[0.219s] Level 1:colcon.colcon_core.package_discovery:discover_packages(ignore) check parameters
[0.219s] Level 1:colcon.colcon_core.package_discovery:discover_packages(path) check parameters
[0.219s] Level 1:colcon.colcon_core.package_discovery:discover_packages(colcon_meta) discover
[0.219s] Level 1:colcon.colcon_core.package_discovery:discover_packages(recursive) discover
[0.219s] INFO:colcon.colcon_core.package_discovery:Crawling recursively for packages in '/home/pdas/UAV_NAV_ROS'
[0.220s] Level 1:colcon.colcon_core.package_identification:_identify(.) by extensions ['ignore', 'ignore_ament_install']
[0.220s] Level 1:colcon.colcon_core.package_identification:_identify(.) by extension 'ignore'
[0.220s] Level 1:colcon.colcon_core.package_identification:_identify(.) by extension 'ignore_ament_install'
[0.220s] Level 1:colcon.colcon_core.package_identification:_identify(.) by extensions ['colcon_pkg']
[0.220s] Level 1:colcon.colcon_core.package_identification:_identify(.) by extension 'colcon_pkg'
[0.220s] Level 1:colcon.colcon_core.package_identification:_identify(.) by extensions ['colcon_meta']
[0.220s] Level 1:colcon.colcon_core.package_identification:_identify(.) by extension 'colcon_meta'
[0.220s] Level 1:colcon.colcon_core.package_identification:_identify(.) by extensions ['ros']
[0.220s] Level 1:colcon.colcon_core.package_identification:_identify(.) by extension 'ros'
[0.258s] Level 1:colcon.colcon_core.package_identification:_identify(.) by extensions ['cmake', 'python']
[0.258s] Level 1:colcon.colcon_core.package_identification:_identify(.) by extension 'cmake'
[0.258s] Level 1:colcon.colcon_core.package_identification:_identify(.) by extension 'python'
[0.258s] Level 1:colcon.colcon_core.package_identification:_identify(.) by extensions ['python_setup_py']
[0.258s] Level 1:colcon.colcon_core.package_identification:_identify(.) by extension 'python_setup_py'
[0.258s] Level 1:colcon.colcon_core.package_identification:_identify(build) by extensions ['ignore', 'ignore_ament_install']
[0.258s] Level 1:colcon.colcon_core.package_identification:_identify(build) by extension 'ignore'
[0.258s] Level 1:colcon.colcon_core.package_identification:_identify(build) ignored
[0.259s] Level 1:colcon.colcon_core.package_identification:_identify(ekf2_estimator) by extensions ['ignore', 'ignore_ament_install']
[0.259s] Level 1:colcon.colcon_core.package_identification:_identify(ekf2_estimator) by extension 'ignore'
[0.259s] Level 1:colcon.colcon_core.package_identification:_identify(ekf2_estimator) by extension 'ignore_ament_install'
[0.259s] Level 1:colcon.colcon_core.package_identification:_identify(ekf2_estimator) by extensions ['colcon_pkg']
[0.259s] Level 1:colcon.colcon_core.package_identification:_identify(ekf2_estimator) by extension 'colcon_pkg'
[0.259s] Level 1:colcon.colcon_core.package_identification:_identify(ekf2_estimator) by extensions ['colcon_meta']
[0.259s] Level 1:colcon.colcon_core.package_identification:_identify(ekf2_estimator) by extension 'colcon_meta'
[0.259s] Level 1:colcon.colcon_core.package_identification:_identify(ekf2_estimator) by extensions ['ros']
[0.259s] Level 1:colcon.colcon_core.package_identification:_identify(ekf2_estimator) by extension 'ros'
[0.262s] DEBUG:colcon.colcon_core.package_identification:Package 'ekf2_estimator' with type 'ros.ament_python' and name 'ekf2_estimator'
[0.263s] Level 1:colcon.colcon_core.package_identification:_identify(gps_zoe_m8q_driver) by extensions ['ignore', 'ignore_ament_install']
[0.263s] Level 1:colcon.colcon_core.package_identification:_identify(gps_zoe_m8q_driver) by extension 'ignore'
[0.263s] Level 1:colcon.colcon_core.package_identification:_identify(gps_zoe_m8q_driver) by extension 'ignore_ament_install'
[0.263s] Level 1:colcon.colcon_core.package_identification:_identify(gps_zoe_m8q_driver) by extensions ['colcon_pkg']
[0.263s] Level 1:colcon.colcon_core.package_identification:_identify(gps_zoe_m8q_driver) by extension 'colcon_pkg'
[0.263s] Level 1:colcon.colcon_core.package_identification:_identify(gps_zoe_m8q_driver) by extensions ['colcon_meta']
[0.263s] Level 1:colcon.colcon_core.package_identification:_identify(gps_zoe_m8q_driver) by extension 'colcon_meta'
[0.263s] Level 1:colcon.colcon_core.package_identification:_identify(gps_zoe_m8q_driver) by extensions ['ros']
[0.263s] Level 1:colcon.colcon_core.package_identification:_identify(gps_zoe_m8q_driver) by extension 'ros'
[0.264s] DEBUG:colcon.colcon_core.package_identification:Package 'gps_zoe_m8q_driver' with type 'ros.ament_python' and name 'gps_zoe_m8q_driver'
[0.264s] Level 1:colcon.colcon_core.package_identification:_identify(imu_bmx160_driver) by extensions ['ignore', 'ignore_ament_install']
[0.264s] Level 1:colcon.colcon_core.package_identification:_identify(imu_bmx160_driver) by extension 'ignore'
[0.264s] Level 1:colcon.colcon_core.package_identification:_identify(imu_bmx160_driver) by extension 'ignore_ament_install'
[0.264s] Level 1:colcon.colcon_core.package_identification:_identify(imu_bmx160_driver) by extensions ['colcon_pkg']
[0.264s] Level 1:colcon.colcon_core.package_identification:_identify(imu_bmx160_driver) by extension 'colcon_pkg'
[0.264s] Level 1:colcon.colcon_core.package_identification:_identify(imu_bmx160_driver) by extensions ['colcon_meta']
[0.264s] Level 1:colcon.colcon_core.package_identification:_identify(imu_bmx160_driver) by extension 'colcon_meta'
[0.264s] Level 1:colcon.colcon_core.package_identification:_identify(imu_bmx160_driver) by extensions ['ros']
[0.264s] Level 1:colcon.colcon_core.package_identification:_identify(imu_bmx160_driver) by extension 'ros'
[0.265s] DEBUG:colcon.colcon_core.package_identification:Package 'imu_bmx160_driver' with type 'ros.ament_python' and name 'imu_bmx160_driver'
[0.265s] Level 1:colcon.colcon_core.package_identification:_identify(install) by extensions ['ignore', 'ignore_ament_install']
[0.265s] Level 1:colcon.colcon_core.package_identification:_identify(install) by extension 'ignore'
[0.265s] Level 1:colcon.colcon_core.package_identification:_identify(install) ignored
[0.265s] Level 1:colcon.colcon_core.package_identification:_identify(launch) by extensions ['ignore', 'ignore_ament_install']
[0.265s] Level 1:colcon.colcon_core.package_identification:_identify(launch) by extension 'ignore'
[0.266s] Level 1:colcon.colcon_core.package_identification:_identify(launch) by extension 'ignore_ament_install'
[0.266s] Level 1:colcon.colcon_core.package_identification:_identify(launch) by extensions ['colcon_pkg']
[0.266s] Level 1:colcon.colcon_core.package_identification:_identify(launch) by extension 'colcon_pkg'
[0.266s] Level 1:colcon.colcon_core.package_identification:_identify(launch) by extensions ['colcon_meta']
[0.266s] Level 1:colcon.colcon_core.package_identification:_identify(launch) by extension 'colcon_meta'
[0.266s] Level 1:colcon.colcon_core.package_identification:_identify(launch) by extensions ['ros']
[0.266s] Level 1:colcon.colcon_core.package_identification:_identify(launch) by extension 'ros'
[0.266s] Level 1:colcon.colcon_core.package_identification:_identify(launch) by extensions ['cmake', 'python']
[0.266s] Level 1:colcon.colcon_core.package_identification:_identify(launch) by extension 'cmake'
[0.266s] Level 1:colcon.colcon_core.package_identification:_identify(launch) by extension 'python'
[0.266s] Level 1:colcon.colcon_core.package_identification:_identify(launch) by extensions ['python_setup_py']
[0.266s] Level 1:colcon.colcon_core.package_identification:_identify(launch) by extension 'python_setup_py'
[0.266s] Level 1:colcon.colcon_core.package_identification:_identify(launch/__pycache__) by extensions ['ignore', 'ignore_ament_install']
[0.266s] Level 1:colcon.colcon_core.package_identification:_identify(launch/__pycache__) by extension 'ignore'
[0.266s] Level 1:colcon.colcon_core.package_identification:_identify(launch/__pycache__) by extension 'ignore_ament_install'
[0.266s] Level 1:colcon.colcon_core.package_identification:_identify(launch/__pycache__) by extensions ['colcon_pkg']
[0.266s] Level 1:colcon.colcon_core.package_identification:_identify(launch/__pycache__) by extension 'colcon_pkg'
[0.266s] Level 1:colcon.colcon_core.package_identification:_identify(launch/__pycache__) by extensions ['colcon_meta']
[0.266s] Level 1:colcon.colcon_core.package_identification:_identify(launch/__pycache__) by extension 'colcon_meta'
[0.266s] Level 1:colcon.colcon_core.package_identification:_identify(launch/__pycache__) by extensions ['ros']
[0.266s] Level 1:colcon.colcon_core.package_identification:_identify(launch/__pycache__) by extension 'ros'
[0.267s] Level 1:colcon.colcon_core.package_identification:_identify(launch/__pycache__) by extensions ['cmake', 'python']
[0.267s] Level 1:colcon.colcon_core.package_identification:_identify(launch/__pycache__) by extension 'cmake'
[0.267s] Level 1:colcon.colcon_core.package_identification:_identify(launch/__pycache__) by extension 'python'
[0.267s] Level 1:colcon.colcon_core.package_identification:_identify(launch/__pycache__) by extensions ['python_setup_py']
[0.267s] Level 1:colcon.colcon_core.package_identification:_identify(launch/__pycache__) by extension 'python_setup_py'
[0.267s] Level 1:colcon.colcon_core.package_identification:_identify(log) by extensions ['ignore', 'ignore_ament_install']
[0.267s] Level 1:colcon.colcon_core.package_identification:_identify(log) by extension 'ignore'
[0.267s] Level 1:colcon.colcon_core.package_identification:_identify(log) ignored
[0.267s] Level 1:colcon.colcon_core.package_discovery:discover_packages(recursive) using defaults
[0.267s] Level 1:colcon.colcon_core.package_discovery:discover_packages(ignore) discover
[0.267s] Level 1:colcon.colcon_core.package_discovery:discover_packages(ignore) using defaults
[0.267s] Level 1:colcon.colcon_core.package_discovery:discover_packages(path) discover
[0.267s] Level 1:colcon.colcon_core.package_discovery:discover_packages(path) using defaults
[0.292s] INFO:colcon.colcon_core.package_selection:Skipping not selected package 'ekf2_estimator' in 'ekf2_estimator'
[0.293s] INFO:colcon.colcon_core.package_selection:Skipping not selected package 'imu_bmx160_driver' in 'imu_bmx160_driver'
[0.293s] Level 1:colcon.colcon_core.package_discovery:discover_packages(prefix_path) check parameters
[0.293s] Level 1:colcon.colcon_core.package_discovery:discover_packages(prefix_path) discover
[0.296s] DEBUG:colcon.colcon_installed_package_information.package_discovery:Found 4 installed packages in /home/pdas/uav-ros/src/install
[0.297s] DEBUG:colcon.colcon_installed_package_information.package_discovery:Found 2 installed packages in /home/pdas/ROS2-UAV/ros2_ws/install
[0.299s] DEBUG:colcon.colcon_installed_package_information.package_discovery:Found 339 installed packages in /opt/ros/jazzy
[0.302s] Level 1:colcon.colcon_core.package_discovery:discover_packages(prefix_path) using defaults
[0.368s] Level 5:colcon.colcon_core.verb:set package 'gps_zoe_m8q_driver' build argument 'cmake_args' from command line to 'None'
[0.369s] Level 5:colcon.colcon_core.verb:set package 'gps_zoe_m8q_driver' build argument 'cmake_target' from command line to 'None'
[0.369s] Level 5:colcon.colcon_core.verb:set package 'gps_zoe_m8q_driver' build argument 'cmake_target_skip_unavailable' from command line to 'False'
[0.369s] Level 5:colcon.colcon_core.verb:set package 'gps_zoe_m8q_driver' build argument 'cmake_clean_cache' from command line to 'False'
[0.369s] Level 5:colcon.colcon_core.verb:set package 'gps_zoe_m8q_driver' build argument 'cmake_clean_first' from command line to 'False'
[0.369s] Level 5:colcon.colcon_core.verb:set package 'gps_zoe_m8q_driver' build argument 'cmake_force_configure' from command line to 'False'
[0.369s] Level 5:colcon.colcon_core.verb:set package 'gps_zoe_m8q_driver' build argument 'ament_cmake_args' from command line to 'None'
[0.369s] Level 5:colcon.colcon_core.verb:set package 'gps_zoe_m8q_driver' build argument 'catkin_cmake_args' from command line to 'None'
[0.369s] Level 5:colcon.colcon_core.verb:set package 'gps_zoe_m8q_driver' build argument 'catkin_skip_building_tests' from command line to 'False'
[0.369s] DEBUG:colcon.colcon_core.verb:Building package 'gps_zoe_m8q_driver' with the following arguments: {'ament_cmake_args': None, 'build_base': '/home/pdas/UAV_NAV_ROS/build/gps_zoe_m8q_driver', 'catkin_cmake_args': None, 'catkin_skip_building_tests': False, 'cmake_args': None, 'cmake_clean_cache': False, 'cmake_clean_first': False, 'cmake_force_configure': False, 'cmake_target': None, 'cmake_target_skip_unavailable': False, 'install_base': '/home/pdas/UAV_NAV_ROS/install/gps_zoe_m8q_driver', 'merge_install': False, 'path': '/home/pdas/UAV_NAV_ROS/gps_zoe_m8q_driver', 'symlink_install': True, 'test_result_base': None}
[0.369s] INFO:colcon.colcon_core.executor:Executing jobs using 'parallel' executor
[0.370s] DEBUG:colcon.colcon_parallel_executor.executor.parallel:run_until_complete
[0.371s] INFO:colcon.colcon_ros.task.ament_python.build:Building ROS package in '/home/pdas/UAV_NAV_ROS/gps_zoe_m8q_driver' with build type 'ament_python'
[0.371s] Level 1:colcon.colcon_core.shell:create_environment_hook('gps_zoe_m8q_driver', 'ament_prefix_path')
[0.374s] INFO:colcon.colcon_core.plugin_system:Skipping extension 'colcon_core.shell.bat': Not used on non-Windows systems
[0.374s] INFO:colcon.colcon_core.shell:Creating environment hook '/home/pdas/UAV_NAV_ROS/install/gps_zoe_m8q_driver/share/gps_zoe_m8q_driver/hook/ament_prefix_path.ps1'
[0.376s] INFO:colcon.colcon_core.shell:Creating environment descriptor '/home/pdas/UAV_NAV_ROS/install/gps_zoe_m8q_driver/share/gps_zoe_m8q_driver/hook/ament_prefix_path.dsv'
[0.377s] INFO:colcon.colcon_core.shell:Creating environment hook '/home/pdas/UAV_NAV_ROS/install/gps_zoe_m8q_driver/share/gps_zoe_m8q_driver/hook/ament_prefix_path.sh'
[0.378s] INFO:colcon.colcon_core.shell:Skip shell extension 'powershell' for command environment: Not usable outside of PowerShell
[0.378s] DEBUG:colcon.colcon_core.shell:Skip shell extension 'dsv' for command environment
[0.781s] INFO:colcon.colcon_core.task.python.build:Building Python package in '/home/pdas/UAV_NAV_ROS/gps_zoe_m8q_driver'
[0.782s] INFO:colcon.colcon_core.shell:Skip shell extension 'powershell' for command environment: Not usable outside of PowerShell
[0.782s] DEBUG:colcon.colcon_core.shell:Skip shell extension 'dsv' for command environment
[1.742s] DEBUG:colcon.colcon_core.event_handler.log_command:Invoking command in '/home/pdas/UAV_NAV_ROS/build/gps_zoe_m8q_driver': PYTHONPATH=/home/pdas/UAV_NAV_ROS/build/gps_zoe_m8q_driver/prefix_override:/usr/lib/python3/dist-packages/colcon_core/task/python/colcon_distutils_commands:/home/pdas/UAV_NAV_ROS/install/gps_zoe_m8q_driver/lib/python3.12/site-packages:${PYTHONPATH} /usr/bin/python3 -W ignore:setup.py install is deprecated -W ignore:easy_install command is deprecated setup.py develop --editable --build-directory /home/pdas/UAV_NAV_ROS/build/gps_zoe_m8q_driver/build --no-deps symlink_data
[2.789s] Level 1:colcon.colcon_core.shell:create_environment_hook('gps_zoe_m8q_driver', 'pythonpath_develop')
[2.790s] INFO:colcon.colcon_core.shell:Creating environment hook '/home/pdas/UAV_NAV_ROS/build/gps_zoe_m8q_driver/share/gps_zoe_m8q_driver/hook/pythonpath_develop.ps1'
[2.792s] INFO:colcon.colcon_core.shell:Creating environment descriptor '/home/pdas/UAV_NAV_ROS/build/gps_zoe_m8q_driver/share/gps_zoe_m8q_driver/hook/pythonpath_develop.dsv'
[2.793s] INFO:colcon.colcon_core.shell:Creating environment hook '/home/pdas/UAV_NAV_ROS/build/gps_zoe_m8q_driver/share/gps_zoe_m8q_driver/hook/pythonpath_develop.sh'
[2.790s] DEBUG:colcon.colcon_core.event_handler.log_command:Invoked command in '/home/pdas/UAV_NAV_ROS/build/gps_zoe_m8q_driver' returned '0': PYTHONPATH=/home/pdas/UAV_NAV_ROS/build/gps_zoe_m8q_driver/prefix_override:/usr/lib/python3/dist-packages/colcon_core/task/python/colcon_distutils_commands:/home/pdas/UAV_NAV_ROS/install/gps_zoe_m8q_driver/lib/python3.12/site-packages:${PYTHONPATH} /usr/bin/python3 -W ignore:setup.py install is deprecated -W ignore:easy_install command is deprecated setup.py develop --editable --build-directory /home/pdas/UAV_NAV_ROS/build/gps_zoe_m8q_driver/build --no-deps symlink_data
[2.799s] Level 1:colcon.colcon_core.environment:checking '/home/pdas/UAV_NAV_ROS/install/gps_zoe_m8q_driver' for CMake module files
[2.800s] Level 1:colcon.colcon_core.environment:checking '/home/pdas/UAV_NAV_ROS/install/gps_zoe_m8q_driver' for CMake config files
[2.801s] Level 1:colcon.colcon_core.environment:checking '/home/pdas/UAV_NAV_ROS/install/gps_zoe_m8q_driver/lib'
[2.801s] Level 1:colcon.colcon_core.environment:checking '/home/pdas/UAV_NAV_ROS/install/gps_zoe_m8q_driver/bin'
[2.801s] Level 1:colcon.colcon_core.shell:create_environment_hook('gps_zoe_m8q_driver', 'path')
[2.802s] INFO:colcon.colcon_core.shell:Creating environment hook '/home/pdas/UAV_NAV_ROS/install/gps_zoe_m8q_driver/share/gps_zoe_m8q_driver/hook/path.ps1'
[2.803s] INFO:colcon.colcon_core.shell:Creating environment descriptor '/home/pdas/UAV_NAV_ROS/install/gps_zoe_m8q_driver/share/gps_zoe_m8q_driver/hook/path.dsv'
[2.806s] INFO:colcon.colcon_core.shell:Creating environment hook '/home/pdas/UAV_NAV_ROS/install/gps_zoe_m8q_driver/share/gps_zoe_m8q_driver/hook/path.sh'
[2.810s] Level 1:colcon.colcon_core.environment:checking '/home/pdas/UAV_NAV_ROS/install/gps_zoe_m8q_driver/lib/pkgconfig/gps_zoe_m8q_driver.pc'
[2.811s] Level 1:colcon.colcon_core.environment:checking '/home/pdas/UAV_NAV_ROS/install/gps_zoe_m8q_driver/lib/python3.12/site-packages'
[2.812s] Level 1:colcon.colcon_core.shell:create_environment_hook('gps_zoe_m8q_driver', 'pythonpath')
[2.813s] INFO:colcon.colcon_core.shell:Creating environment hook '/home/pdas/UAV_NAV_ROS/install/gps_zoe_m8q_driver/share/gps_zoe_m8q_driver/hook/pythonpath.ps1'
[2.816s] INFO:colcon.colcon_core.shell:Creating environment descriptor '/home/pdas/UAV_NAV_ROS/install/gps_zoe_m8q_driver/share/gps_zoe_m8q_driver/hook/pythonpath.dsv'
[2.819s] INFO:colcon.colcon_core.shell:Creating environment hook '/home/pdas/UAV_NAV_ROS/install/gps_zoe_m8q_driver/share/gps_zoe_m8q_driver/hook/pythonpath.sh'
[2.823s] Level 1:colcon.colcon_core.environment:checking '/home/pdas/UAV_NAV_ROS/install/gps_zoe_m8q_driver/bin'
[2.824s] Level 1:colcon.colcon_core.shell:create_environment_hook('gps_zoe_m8q_driver', 'pythonscriptspath')
[2.824s] INFO:colcon.colcon_core.shell:Creating environment hook '/home/pdas/UAV_NAV_ROS/install/gps_zoe_m8q_driver/share/gps_zoe_m8q_driver/hook/pythonscriptspath.ps1'
[2.825s] INFO:colcon.colcon_core.shell:Creating environment descriptor '/home/pdas/UAV_NAV_ROS/install/gps_zoe_m8q_driver/share/gps_zoe_m8q_driver/hook/pythonscriptspath.dsv'
[2.827s] INFO:colcon.colcon_core.shell:Creating environment hook '/home/pdas/UAV_NAV_ROS/install/gps_zoe_m8q_driver/share/gps_zoe_m8q_driver/hook/pythonscriptspath.sh'
[2.828s] Level 1:colcon.colcon_core.environment:create_environment_scripts_only(gps_zoe_m8q_driver)
[2.828s] INFO:colcon.colcon_core.shell:Creating package script '/home/pdas/UAV_NAV_ROS/install/gps_zoe_m8q_driver/share/gps_zoe_m8q_driver/package.ps1'
[2.831s] INFO:colcon.colcon_core.shell:Creating package descriptor '/home/pdas/UAV_NAV_ROS/install/gps_zoe_m8q_driver/share/gps_zoe_m8q_driver/package.dsv'
[2.833s] INFO:colcon.colcon_core.shell:Creating package script '/home/pdas/UAV_NAV_ROS/install/gps_zoe_m8q_driver/share/gps_zoe_m8q_driver/package.sh'
[2.834s] INFO:colcon.colcon_core.shell:Creating package script '/home/pdas/UAV_NAV_ROS/install/gps_zoe_m8q_driver/share/gps_zoe_m8q_driver/package.bash'
[2.836s] INFO:colcon.colcon_core.shell:Creating package script '/home/pdas/UAV_NAV_ROS/install/gps_zoe_m8q_driver/share/gps_zoe_m8q_driver/package.zsh'
[2.837s] Level 1:colcon.colcon_core.environment:create_file_with_runtime_dependencies(/home/pdas/UAV_NAV_ROS/install/gps_zoe_m8q_driver/share/colcon-core/packages/gps_zoe_m8q_driver)
[2.838s] DEBUG:colcon.colcon_parallel_executor.executor.parallel:closing loop
[2.839s] DEBUG:colcon.colcon_parallel_executor.executor.parallel:loop closed
[2.839s] DEBUG:colcon.colcon_parallel_executor.executor.parallel:run_until_complete finished with '0'
[2.839s] DEBUG:colcon.colcon_core.event_reactor:joining thread
[2.848s] INFO:colcon.colcon_core.plugin_system:Skipping extension 'colcon_notification.desktop_notification.notify_send': Could not find 'notify-send'
[2.849s] INFO:colcon.colcon_core.plugin_system:Skipping extension 'colcon_notification.desktop_notification.terminal_notifier': Not used on non-Darwin systems
[2.849s] INFO:colcon.colcon_core.plugin_system:Skipping extension 'colcon_notification.desktop_notification.win32': Not used on non-Windows systems
[2.849s] INFO:colcon.colcon_notification.desktop_notification:Sending desktop notification using 'notify2'
[2.850s] DEBUG:colcon.colcon_notification.desktop_notification.notify2:Failed to initialize notify2: org.freedesktop.DBus.Error.ServiceUnknown: The name org.freedesktop.Notifications was not provided by any .service files
[2.850s] DEBUG:colcon.colcon_core.event_reactor:joined thread
[2.851s] INFO:colcon.colcon_core.shell:Creating prefix script '/home/pdas/UAV_NAV_ROS/install/local_setup.ps1'
[2.852s] INFO:colcon.colcon_core.shell:Creating prefix util module '/home/pdas/UAV_NAV_ROS/install/_local_setup_util_ps1.py'
[2.855s] INFO:colcon.colcon_core.shell:Creating prefix chain script '/home/pdas/UAV_NAV_ROS/install/setup.ps1'
[2.858s] INFO:colcon.colcon_core.shell:Creating prefix script '/home/pdas/UAV_NAV_ROS/install/local_setup.sh'
[2.860s] INFO:colcon.colcon_core.shell:Creating prefix util module '/home/pdas/UAV_NAV_ROS/install/_local_setup_util_sh.py'
[2.861s] INFO:colcon.colcon_core.shell:Creating prefix chain script '/home/pdas/UAV_NAV_ROS/install/setup.sh'
[2.864s] INFO:colcon.colcon_core.shell:Creating prefix script '/home/pdas/UAV_NAV_ROS/install/local_setup.bash'
[2.865s] INFO:colcon.colcon_core.shell:Creating prefix chain script '/home/pdas/UAV_NAV_ROS/install/setup.bash'
[2.868s] INFO:colcon.colcon_core.shell:Creating prefix script '/home/pdas/UAV_NAV_ROS/install/local_setup.zsh'
[2.870s] INFO:colcon.colcon_core.shell:Creating prefix chain script '/home/pdas/UAV_NAV_ROS/install/setup.zsh'
