[2.250s] Invoking command in '/home/pdas/UAV_NAV_ROS/build/gps_zoe_m8q_driver': PYTHONPATH=/home/pdas/UAV_NAV_ROS/build/gps_zoe_m8q_driver/prefix_override:/usr/lib/python3/dist-packages/colcon_core/task/python/colcon_distutils_commands:/home/pdas/UAV_NAV_ROS/install/gps_zoe_m8q_driver/lib/python3.12/site-packages:${PYTHONPATH} /usr/bin/python3 -W ignore:setup.py install is deprecated -W ignore:easy_install command is deprecated setup.py develop --editable --build-directory /home/pdas/UAV_NAV_ROS/build/gps_zoe_m8q_driver/build --no-deps symlink_data
[2.809s] running develop
[3.096s] running egg_info
[3.125s] writing gps_zoe_m8q_driver.egg-info/PKG-INFO
[3.125s] writing dependency_links to gps_zoe_m8q_driver.egg-info/dependency_links.txt
[3.126s] writing entry points to gps_zoe_m8q_driver.egg-info/entry_points.txt
[3.126s] writing requirements to gps_zoe_m8q_driver.egg-info/requires.txt
[3.126s] writing top-level names to gps_zoe_m8q_driver.egg-info/top_level.txt
[3.184s] reading manifest file 'gps_zoe_m8q_driver.egg-info/SOURCES.txt'
[3.185s] writing manifest file 'gps_zoe_m8q_driver.egg-info/SOURCES.txt'
[3.215s] running build_ext
[3.215s] Creating /home/pdas/UAV_NAV_ROS/install/gps_zoe_m8q_driver/lib/python3.12/site-packages/gps-zoe-m8q-driver.egg-link (link to .)
[3.216s] Installing gps_zoe_m8q_node script to /home/pdas/UAV_NAV_ROS/install/gps_zoe_m8q_driver/bin
[3.217s] 
[3.217s] Installed /home/pdas/UAV_NAV_ROS/build/gps_zoe_m8q_driver
[3.217s] running symlink_data
[3.217s] symbolically linking /home/pdas/UAV_NAV_ROS/build/gps_zoe_m8q_driver/resource/gps_zoe_m8q_driver -> /home/pdas/UAV_NAV_ROS/install/gps_zoe_m8q_driver/share/ament_index/resource_index/packages
[3.217s] symbolically linking /home/pdas/UAV_NAV_ROS/build/gps_zoe_m8q_driver/package.xml -> /home/pdas/UAV_NAV_ROS/install/gps_zoe_m8q_driver/share/gps_zoe_m8q_driver
[3.217s] creating /home/pdas/UAV_NAV_ROS/install/gps_zoe_m8q_driver/share/gps_zoe_m8q_driver/config
[3.217s] symbolically linking /home/pdas/UAV_NAV_ROS/build/gps_zoe_m8q_driver/config/params.yaml -> /home/pdas/UAV_NAV_ROS/install/gps_zoe_m8q_driver/share/gps_zoe_m8q_driver/config
[3.451s] Invoked command in '/home/pdas/UAV_NAV_ROS/build/gps_zoe_m8q_driver' returned '0': PYTHONPATH=/home/pdas/UAV_NAV_ROS/build/gps_zoe_m8q_driver/prefix_override:/usr/lib/python3/dist-packages/colcon_core/task/python/colcon_distutils_commands:/home/pdas/UAV_NAV_ROS/install/gps_zoe_m8q_driver/lib/python3.12/site-packages:${PYTHONPATH} /usr/bin/python3 -W ignore:setup.py install is deprecated -W ignore:easy_install command is deprecated setup.py develop --editable --build-directory /home/pdas/UAV_NAV_ROS/build/gps_zoe_m8q_driver/build --no-deps symlink_data
