[0.160s] DEBUG:colcon:Command line arguments: ['/usr/bin/colcon', 'build', '--symlink-install']
[0.160s] DEBUG:colcon:Parsed command line arguments: Namespace(log_base=None, log_level=None, verb_name='build', build_base='build', install_base='install', merge_install=False, symlink_install=True, test_result_base=None, continue_on_error=False, executor='parallel', parallel_workers=4, event_handlers=None, ignore_user_meta=False, metas=['./colcon.meta'], base_paths=['.'], packages_ignore=None, packages_ignore_regex=None, paths=None, packages_up_to=None, packages_up_to_regex=None, packages_above=None, packages_above_and_dependencies=None, packages_above_depth=None, packages_select_by_dep=None, packages_skip_by_dep=None, packages_skip_up_to=None, packages_select_build_failed=False, packages_skip_build_finished=False, packages_select_test_failures=False, packages_skip_test_passed=False, packages_select=None, packages_skip=None, packages_select_regex=None, packages_skip_regex=None, packages_start=None, packages_end=None, allow_overriding=[], cmake_args=None, cmake_target=None, cmake_target_skip_unavailable=False, cmake_clean_cache=False, cmake_clean_first=False, cmake_force_configure=False, ament_cmake_args=None, catkin_cmake_args=None, catkin_skip_building_tests=False, mixin_files=None, mixin=None, verb_parser=<colcon_mixin.mixin.mixin_argument.MixinArgumentDecorator object at 0xffffba258d10>, verb_extension=<colcon_core.verb.build.BuildVerb object at 0xffffba220c80>, main=<bound method BuildVerb.main of <colcon_core.verb.build.BuildVerb object at 0xffffba220c80>>, mixin_verb=('build',))
[0.217s] Level 1:colcon.colcon_core.package_discovery:discover_packages(colcon_meta) check parameters
[0.217s] Level 1:colcon.colcon_core.package_discovery:discover_packages(recursive) check parameters
[0.217s] Level 1:colcon.colcon_core.package_discovery:discover_packages(ignore) check parameters
[0.217s] Level 1:colcon.colcon_core.package_discovery:discover_packages(path) check parameters
[0.217s] Level 1:colcon.colcon_core.package_discovery:discover_packages(colcon_meta) discover
[0.217s] Level 1:colcon.colcon_core.package_discovery:discover_packages(recursive) discover
[0.217s] INFO:colcon.colcon_core.package_discovery:Crawling recursively for packages in '/home/pdas/UAV_NAV_ROS'
[0.217s] Level 1:colcon.colcon_core.package_identification:_identify(.) by extensions ['ignore', 'ignore_ament_install']
[0.217s] Level 1:colcon.colcon_core.package_identification:_identify(.) by extension 'ignore'
[0.217s] Level 1:colcon.colcon_core.package_identification:_identify(.) by extension 'ignore_ament_install'
[0.217s] Level 1:colcon.colcon_core.package_identification:_identify(.) by extensions ['colcon_pkg']
[0.217s] Level 1:colcon.colcon_core.package_identification:_identify(.) by extension 'colcon_pkg'
[0.218s] Level 1:colcon.colcon_core.package_identification:_identify(.) by extensions ['colcon_meta']
[0.218s] Level 1:colcon.colcon_core.package_identification:_identify(.) by extension 'colcon_meta'
[0.218s] Level 1:colcon.colcon_core.package_identification:_identify(.) by extensions ['ros']
[0.218s] Level 1:colcon.colcon_core.package_identification:_identify(.) by extension 'ros'
[0.257s] Level 1:colcon.colcon_core.package_identification:_identify(.) by extensions ['cmake', 'python']
[0.257s] Level 1:colcon.colcon_core.package_identification:_identify(.) by extension 'cmake'
[0.257s] Level 1:colcon.colcon_core.package_identification:_identify(.) by extension 'python'
[0.257s] Level 1:colcon.colcon_core.package_identification:_identify(.) by extensions ['python_setup_py']
[0.257s] Level 1:colcon.colcon_core.package_identification:_identify(.) by extension 'python_setup_py'
[0.257s] Level 1:colcon.colcon_core.package_identification:_identify(build) by extensions ['ignore', 'ignore_ament_install']
[0.257s] Level 1:colcon.colcon_core.package_identification:_identify(build) by extension 'ignore'
[0.257s] Level 1:colcon.colcon_core.package_identification:_identify(build) ignored
[0.257s] Level 1:colcon.colcon_core.package_identification:_identify(ekf2_estimator) by extensions ['ignore', 'ignore_ament_install']
[0.258s] Level 1:colcon.colcon_core.package_identification:_identify(ekf2_estimator) by extension 'ignore'
[0.258s] Level 1:colcon.colcon_core.package_identification:_identify(ekf2_estimator) by extension 'ignore_ament_install'
[0.258s] Level 1:colcon.colcon_core.package_identification:_identify(ekf2_estimator) by extensions ['colcon_pkg']
[0.258s] Level 1:colcon.colcon_core.package_identification:_identify(ekf2_estimator) by extension 'colcon_pkg'
[0.258s] Level 1:colcon.colcon_core.package_identification:_identify(ekf2_estimator) by extensions ['colcon_meta']
[0.258s] Level 1:colcon.colcon_core.package_identification:_identify(ekf2_estimator) by extension 'colcon_meta'
[0.258s] Level 1:colcon.colcon_core.package_identification:_identify(ekf2_estimator) by extensions ['ros']
[0.258s] Level 1:colcon.colcon_core.package_identification:_identify(ekf2_estimator) by extension 'ros'
[0.261s] DEBUG:colcon.colcon_core.package_identification:Package 'ekf2_estimator' with type 'ros.ament_python' and name 'ekf2_estimator'
[0.262s] Level 1:colcon.colcon_core.package_identification:_identify(gps_zoe_m8q_driver) by extensions ['ignore', 'ignore_ament_install']
[0.262s] Level 1:colcon.colcon_core.package_identification:_identify(gps_zoe_m8q_driver) by extension 'ignore'
[0.262s] Level 1:colcon.colcon_core.package_identification:_identify(gps_zoe_m8q_driver) by extension 'ignore_ament_install'
[0.262s] Level 1:colcon.colcon_core.package_identification:_identify(gps_zoe_m8q_driver) by extensions ['colcon_pkg']
[0.262s] Level 1:colcon.colcon_core.package_identification:_identify(gps_zoe_m8q_driver) by extension 'colcon_pkg'
[0.262s] Level 1:colcon.colcon_core.package_identification:_identify(gps_zoe_m8q_driver) by extensions ['colcon_meta']
[0.262s] Level 1:colcon.colcon_core.package_identification:_identify(gps_zoe_m8q_driver) by extension 'colcon_meta'
[0.262s] Level 1:colcon.colcon_core.package_identification:_identify(gps_zoe_m8q_driver) by extensions ['ros']
[0.262s] Level 1:colcon.colcon_core.package_identification:_identify(gps_zoe_m8q_driver) by extension 'ros'
[0.263s] DEBUG:colcon.colcon_core.package_identification:Package 'gps_zoe_m8q_driver' with type 'ros.ament_python' and name 'gps_zoe_m8q_driver'
[0.263s] Level 1:colcon.colcon_core.package_identification:_identify(imu_bmx160_driver) by extensions ['ignore', 'ignore_ament_install']
[0.263s] Level 1:colcon.colcon_core.package_identification:_identify(imu_bmx160_driver) by extension 'ignore'
[0.263s] Level 1:colcon.colcon_core.package_identification:_identify(imu_bmx160_driver) by extension 'ignore_ament_install'
[0.263s] Level 1:colcon.colcon_core.package_identification:_identify(imu_bmx160_driver) by extensions ['colcon_pkg']
[0.263s] Level 1:colcon.colcon_core.package_identification:_identify(imu_bmx160_driver) by extension 'colcon_pkg'
[0.263s] Level 1:colcon.colcon_core.package_identification:_identify(imu_bmx160_driver) by extensions ['colcon_meta']
[0.263s] Level 1:colcon.colcon_core.package_identification:_identify(imu_bmx160_driver) by extension 'colcon_meta'
[0.263s] Level 1:colcon.colcon_core.package_identification:_identify(imu_bmx160_driver) by extensions ['ros']
[0.263s] Level 1:colcon.colcon_core.package_identification:_identify(imu_bmx160_driver) by extension 'ros'
[0.264s] DEBUG:colcon.colcon_core.package_identification:Package 'imu_bmx160_driver' with type 'ros.ament_python' and name 'imu_bmx160_driver'
[0.264s] Level 1:colcon.colcon_core.package_identification:_identify(install) by extensions ['ignore', 'ignore_ament_install']
[0.264s] Level 1:colcon.colcon_core.package_identification:_identify(install) by extension 'ignore'
[0.264s] Level 1:colcon.colcon_core.package_identification:_identify(install) ignored
[0.264s] Level 1:colcon.colcon_core.package_identification:_identify(launch) by extensions ['ignore', 'ignore_ament_install']
[0.264s] Level 1:colcon.colcon_core.package_identification:_identify(launch) by extension 'ignore'
[0.264s] Level 1:colcon.colcon_core.package_identification:_identify(launch) by extension 'ignore_ament_install'
[0.265s] Level 1:colcon.colcon_core.package_identification:_identify(launch) by extensions ['colcon_pkg']
[0.265s] Level 1:colcon.colcon_core.package_identification:_identify(launch) by extension 'colcon_pkg'
[0.265s] Level 1:colcon.colcon_core.package_identification:_identify(launch) by extensions ['colcon_meta']
[0.265s] Level 1:colcon.colcon_core.package_identification:_identify(launch) by extension 'colcon_meta'
[0.265s] Level 1:colcon.colcon_core.package_identification:_identify(launch) by extensions ['ros']
[0.265s] Level 1:colcon.colcon_core.package_identification:_identify(launch) by extension 'ros'
[0.265s] Level 1:colcon.colcon_core.package_identification:_identify(launch) by extensions ['cmake', 'python']
[0.265s] Level 1:colcon.colcon_core.package_identification:_identify(launch) by extension 'cmake'
[0.265s] Level 1:colcon.colcon_core.package_identification:_identify(launch) by extension 'python'
[0.265s] Level 1:colcon.colcon_core.package_identification:_identify(launch) by extensions ['python_setup_py']
[0.265s] Level 1:colcon.colcon_core.package_identification:_identify(launch) by extension 'python_setup_py'
[0.265s] Level 1:colcon.colcon_core.package_identification:_identify(launch/__pycache__) by extensions ['ignore', 'ignore_ament_install']
[0.265s] Level 1:colcon.colcon_core.package_identification:_identify(launch/__pycache__) by extension 'ignore'
[0.265s] Level 1:colcon.colcon_core.package_identification:_identify(launch/__pycache__) by extension 'ignore_ament_install'
[0.265s] Level 1:colcon.colcon_core.package_identification:_identify(launch/__pycache__) by extensions ['colcon_pkg']
[0.265s] Level 1:colcon.colcon_core.package_identification:_identify(launch/__pycache__) by extension 'colcon_pkg'
[0.265s] Level 1:colcon.colcon_core.package_identification:_identify(launch/__pycache__) by extensions ['colcon_meta']
[0.265s] Level 1:colcon.colcon_core.package_identification:_identify(launch/__pycache__) by extension 'colcon_meta'
[0.265s] Level 1:colcon.colcon_core.package_identification:_identify(launch/__pycache__) by extensions ['ros']
[0.265s] Level 1:colcon.colcon_core.package_identification:_identify(launch/__pycache__) by extension 'ros'
[0.266s] Level 1:colcon.colcon_core.package_identification:_identify(launch/__pycache__) by extensions ['cmake', 'python']
[0.266s] Level 1:colcon.colcon_core.package_identification:_identify(launch/__pycache__) by extension 'cmake'
[0.266s] Level 1:colcon.colcon_core.package_identification:_identify(launch/__pycache__) by extension 'python'
[0.266s] Level 1:colcon.colcon_core.package_identification:_identify(launch/__pycache__) by extensions ['python_setup_py']
[0.266s] Level 1:colcon.colcon_core.package_identification:_identify(launch/__pycache__) by extension 'python_setup_py'
[0.266s] Level 1:colcon.colcon_core.package_identification:_identify(log) by extensions ['ignore', 'ignore_ament_install']
[0.266s] Level 1:colcon.colcon_core.package_identification:_identify(log) by extension 'ignore'
[0.266s] Level 1:colcon.colcon_core.package_identification:_identify(log) ignored
[0.266s] Level 1:colcon.colcon_core.package_discovery:discover_packages(recursive) using defaults
[0.266s] Level 1:colcon.colcon_core.package_discovery:discover_packages(ignore) discover
[0.266s] Level 1:colcon.colcon_core.package_discovery:discover_packages(ignore) using defaults
[0.266s] Level 1:colcon.colcon_core.package_discovery:discover_packages(path) discover
[0.266s] Level 1:colcon.colcon_core.package_discovery:discover_packages(path) using defaults
[0.291s] Level 1:colcon.colcon_core.package_discovery:discover_packages(prefix_path) check parameters
[0.292s] Level 1:colcon.colcon_core.package_discovery:discover_packages(prefix_path) discover
[0.294s] DEBUG:colcon.colcon_installed_package_information.package_discovery:Found 3 installed packages in /home/pdas/UAV_NAV_ROS/install
[0.295s] DEBUG:colcon.colcon_installed_package_information.package_discovery:Found 4 installed packages in /home/pdas/uav-ros/src/install
[0.295s] DEBUG:colcon.colcon_installed_package_information.package_discovery:Found 2 installed packages in /home/pdas/ROS2-UAV/ros2_ws/install
[0.298s] DEBUG:colcon.colcon_installed_package_information.package_discovery:Found 339 installed packages in /opt/ros/jazzy
[0.300s] Level 1:colcon.colcon_core.package_discovery:discover_packages(prefix_path) using defaults
[0.368s] Level 5:colcon.colcon_core.verb:set package 'ekf2_estimator' build argument 'cmake_args' from command line to 'None'
[0.368s] Level 5:colcon.colcon_core.verb:set package 'ekf2_estimator' build argument 'cmake_target' from command line to 'None'
[0.368s] Level 5:colcon.colcon_core.verb:set package 'ekf2_estimator' build argument 'cmake_target_skip_unavailable' from command line to 'False'
[0.368s] Level 5:colcon.colcon_core.verb:set package 'ekf2_estimator' build argument 'cmake_clean_cache' from command line to 'False'
[0.368s] Level 5:colcon.colcon_core.verb:set package 'ekf2_estimator' build argument 'cmake_clean_first' from command line to 'False'
[0.368s] Level 5:colcon.colcon_core.verb:set package 'ekf2_estimator' build argument 'cmake_force_configure' from command line to 'False'
[0.368s] Level 5:colcon.colcon_core.verb:set package 'ekf2_estimator' build argument 'ament_cmake_args' from command line to 'None'
[0.368s] Level 5:colcon.colcon_core.verb:set package 'ekf2_estimator' build argument 'catkin_cmake_args' from command line to 'None'
[0.368s] Level 5:colcon.colcon_core.verb:set package 'ekf2_estimator' build argument 'catkin_skip_building_tests' from command line to 'False'
[0.368s] DEBUG:colcon.colcon_core.verb:Building package 'ekf2_estimator' with the following arguments: {'ament_cmake_args': None, 'build_base': '/home/pdas/UAV_NAV_ROS/build/ekf2_estimator', 'catkin_cmake_args': None, 'catkin_skip_building_tests': False, 'cmake_args': None, 'cmake_clean_cache': False, 'cmake_clean_first': False, 'cmake_force_configure': False, 'cmake_target': None, 'cmake_target_skip_unavailable': False, 'install_base': '/home/pdas/UAV_NAV_ROS/install/ekf2_estimator', 'merge_install': False, 'path': '/home/pdas/UAV_NAV_ROS/ekf2_estimator', 'symlink_install': True, 'test_result_base': None}
[0.368s] Level 5:colcon.colcon_core.verb:set package 'gps_zoe_m8q_driver' build argument 'cmake_args' from command line to 'None'
[0.368s] Level 5:colcon.colcon_core.verb:set package 'gps_zoe_m8q_driver' build argument 'cmake_target' from command line to 'None'
[0.369s] Level 5:colcon.colcon_core.verb:set package 'gps_zoe_m8q_driver' build argument 'cmake_target_skip_unavailable' from command line to 'False'
[0.369s] Level 5:colcon.colcon_core.verb:set package 'gps_zoe_m8q_driver' build argument 'cmake_clean_cache' from command line to 'False'
[0.369s] Level 5:colcon.colcon_core.verb:set package 'gps_zoe_m8q_driver' build argument 'cmake_clean_first' from command line to 'False'
[0.369s] Level 5:colcon.colcon_core.verb:set package 'gps_zoe_m8q_driver' build argument 'cmake_force_configure' from command line to 'False'
[0.369s] Level 5:colcon.colcon_core.verb:set package 'gps_zoe_m8q_driver' build argument 'ament_cmake_args' from command line to 'None'
[0.369s] Level 5:colcon.colcon_core.verb:set package 'gps_zoe_m8q_driver' build argument 'catkin_cmake_args' from command line to 'None'
[0.369s] Level 5:colcon.colcon_core.verb:set package 'gps_zoe_m8q_driver' build argument 'catkin_skip_building_tests' from command line to 'False'
[0.369s] DEBUG:colcon.colcon_core.verb:Building package 'gps_zoe_m8q_driver' with the following arguments: {'ament_cmake_args': None, 'build_base': '/home/pdas/UAV_NAV_ROS/build/gps_zoe_m8q_driver', 'catkin_cmake_args': None, 'catkin_skip_building_tests': False, 'cmake_args': None, 'cmake_clean_cache': False, 'cmake_clean_first': False, 'cmake_force_configure': False, 'cmake_target': None, 'cmake_target_skip_unavailable': False, 'install_base': '/home/pdas/UAV_NAV_ROS/install/gps_zoe_m8q_driver', 'merge_install': False, 'path': '/home/pdas/UAV_NAV_ROS/gps_zoe_m8q_driver', 'symlink_install': True, 'test_result_base': None}
[0.369s] Level 5:colcon.colcon_core.verb:set package 'imu_bmx160_driver' build argument 'cmake_args' from command line to 'None'
[0.369s] Level 5:colcon.colcon_core.verb:set package 'imu_bmx160_driver' build argument 'cmake_target' from command line to 'None'
[0.369s] Level 5:colcon.colcon_core.verb:set package 'imu_bmx160_driver' build argument 'cmake_target_skip_unavailable' from command line to 'False'
[0.369s] Level 5:colcon.colcon_core.verb:set package 'imu_bmx160_driver' build argument 'cmake_clean_cache' from command line to 'False'
[0.369s] Level 5:colcon.colcon_core.verb:set package 'imu_bmx160_driver' build argument 'cmake_clean_first' from command line to 'False'
[0.369s] Level 5:colcon.colcon_core.verb:set package 'imu_bmx160_driver' build argument 'cmake_force_configure' from command line to 'False'
[0.369s] Level 5:colcon.colcon_core.verb:set package 'imu_bmx160_driver' build argument 'ament_cmake_args' from command line to 'None'
[0.369s] Level 5:colcon.colcon_core.verb:set package 'imu_bmx160_driver' build argument 'catkin_cmake_args' from command line to 'None'
[0.369s] Level 5:colcon.colcon_core.verb:set package 'imu_bmx160_driver' build argument 'catkin_skip_building_tests' from command line to 'False'
[0.369s] DEBUG:colcon.colcon_core.verb:Building package 'imu_bmx160_driver' with the following arguments: {'ament_cmake_args': None, 'build_base': '/home/pdas/UAV_NAV_ROS/build/imu_bmx160_driver', 'catkin_cmake_args': None, 'catkin_skip_building_tests': False, 'cmake_args': None, 'cmake_clean_cache': False, 'cmake_clean_first': False, 'cmake_force_configure': False, 'cmake_target': None, 'cmake_target_skip_unavailable': False, 'install_base': '/home/pdas/UAV_NAV_ROS/install/imu_bmx160_driver', 'merge_install': False, 'path': '/home/pdas/UAV_NAV_ROS/imu_bmx160_driver', 'symlink_install': True, 'test_result_base': None}
[0.370s] INFO:colcon.colcon_core.executor:Executing jobs using 'parallel' executor
[0.371s] DEBUG:colcon.colcon_parallel_executor.executor.parallel:run_until_complete
[0.371s] INFO:colcon.colcon_ros.task.ament_python.build:Building ROS package in '/home/pdas/UAV_NAV_ROS/ekf2_estimator' with build type 'ament_python'
[0.371s] Level 1:colcon.colcon_core.shell:create_environment_hook('ekf2_estimator', 'ament_prefix_path')
[0.374s] INFO:colcon.colcon_core.plugin_system:Skipping extension 'colcon_core.shell.bat': Not used on non-Windows systems
[0.374s] INFO:colcon.colcon_core.shell:Creating environment hook '/home/pdas/UAV_NAV_ROS/install/ekf2_estimator/share/ekf2_estimator/hook/ament_prefix_path.ps1'
[0.376s] INFO:colcon.colcon_core.shell:Creating environment descriptor '/home/pdas/UAV_NAV_ROS/install/ekf2_estimator/share/ekf2_estimator/hook/ament_prefix_path.dsv'
[0.377s] INFO:colcon.colcon_core.shell:Creating environment hook '/home/pdas/UAV_NAV_ROS/install/ekf2_estimator/share/ekf2_estimator/hook/ament_prefix_path.sh'
[0.378s] INFO:colcon.colcon_core.shell:Skip shell extension 'powershell' for command environment: Not usable outside of PowerShell
[0.378s] DEBUG:colcon.colcon_core.shell:Skip shell extension 'dsv' for command environment
[0.384s] INFO:colcon.colcon_ros.task.ament_python.build:Building ROS package in '/home/pdas/UAV_NAV_ROS/gps_zoe_m8q_driver' with build type 'ament_python'
[0.385s] Level 1:colcon.colcon_core.shell:create_environment_hook('gps_zoe_m8q_driver', 'ament_prefix_path')
[0.385s] INFO:colcon.colcon_core.shell:Creating environment hook '/home/pdas/UAV_NAV_ROS/install/gps_zoe_m8q_driver/share/gps_zoe_m8q_driver/hook/ament_prefix_path.ps1'
[0.386s] INFO:colcon.colcon_core.shell:Creating environment descriptor '/home/pdas/UAV_NAV_ROS/install/gps_zoe_m8q_driver/share/gps_zoe_m8q_driver/hook/ament_prefix_path.dsv'
[0.387s] INFO:colcon.colcon_core.shell:Creating environment hook '/home/pdas/UAV_NAV_ROS/install/gps_zoe_m8q_driver/share/gps_zoe_m8q_driver/hook/ament_prefix_path.sh'
[0.388s] INFO:colcon.colcon_core.shell:Skip shell extension 'powershell' for command environment: Not usable outside of PowerShell
[0.388s] DEBUG:colcon.colcon_core.shell:Skip shell extension 'dsv' for command environment
[0.394s] INFO:colcon.colcon_ros.task.ament_python.build:Building ROS package in '/home/pdas/UAV_NAV_ROS/imu_bmx160_driver' with build type 'ament_python'
[0.395s] Level 1:colcon.colcon_core.shell:create_environment_hook('imu_bmx160_driver', 'ament_prefix_path')
[0.395s] INFO:colcon.colcon_core.shell:Creating environment hook '/home/pdas/UAV_NAV_ROS/install/imu_bmx160_driver/share/imu_bmx160_driver/hook/ament_prefix_path.ps1'
[0.396s] INFO:colcon.colcon_core.shell:Creating environment descriptor '/home/pdas/UAV_NAV_ROS/install/imu_bmx160_driver/share/imu_bmx160_driver/hook/ament_prefix_path.dsv'
[0.397s] INFO:colcon.colcon_core.shell:Creating environment hook '/home/pdas/UAV_NAV_ROS/install/imu_bmx160_driver/share/imu_bmx160_driver/hook/ament_prefix_path.sh'
[0.398s] INFO:colcon.colcon_core.shell:Skip shell extension 'powershell' for command environment: Not usable outside of PowerShell
[0.398s] DEBUG:colcon.colcon_core.shell:Skip shell extension 'dsv' for command environment
[0.749s] INFO:colcon.colcon_core.task.python.build:Building Python package in '/home/pdas/UAV_NAV_ROS/ekf2_estimator'
[0.750s] INFO:colcon.colcon_core.shell:Skip shell extension 'powershell' for command environment: Not usable outside of PowerShell
[0.750s] DEBUG:colcon.colcon_core.shell:Skip shell extension 'dsv' for command environment
[1.102s] INFO:colcon.colcon_core.task.python.build:Building Python package in '/home/pdas/UAV_NAV_ROS/gps_zoe_m8q_driver'
[1.103s] INFO:colcon.colcon_core.shell:Skip shell extension 'powershell' for command environment: Not usable outside of PowerShell
[1.103s] DEBUG:colcon.colcon_core.shell:Skip shell extension 'dsv' for command environment
[1.447s] INFO:colcon.colcon_core.task.python.build:Building Python package in '/home/pdas/UAV_NAV_ROS/imu_bmx160_driver'
[1.447s] INFO:colcon.colcon_core.shell:Skip shell extension 'powershell' for command environment: Not usable outside of PowerShell
[1.447s] DEBUG:colcon.colcon_core.shell:Skip shell extension 'dsv' for command environment
[2.540s] DEBUG:colcon.colcon_core.event_handler.log_command:Invoking command in '/home/pdas/UAV_NAV_ROS/build/ekf2_estimator': PYTHONPATH=/home/pdas/UAV_NAV_ROS/build/ekf2_estimator/prefix_override:/usr/lib/python3/dist-packages/colcon_core/task/python/colcon_distutils_commands:/home/pdas/UAV_NAV_ROS/install/ekf2_estimator/lib/python3.12/site-packages:${PYTHONPATH} /usr/bin/python3 -W ignore:setup.py install is deprecated -W ignore:easy_install command is deprecated setup.py develop --editable --build-directory /home/pdas/UAV_NAV_ROS/build/ekf2_estimator/build --no-deps symlink_data
[2.546s] DEBUG:colcon.colcon_core.event_handler.log_command:Invoking command in '/home/pdas/UAV_NAV_ROS/build/imu_bmx160_driver': PYTHONPATH=/home/pdas/UAV_NAV_ROS/build/imu_bmx160_driver/prefix_override:/usr/lib/python3/dist-packages/colcon_core/task/python/colcon_distutils_commands:/home/pdas/UAV_NAV_ROS/install/imu_bmx160_driver/lib/python3.12/site-packages:${PYTHONPATH} /usr/bin/python3 -W ignore:setup.py install is deprecated -W ignore:easy_install command is deprecated setup.py develop --editable --build-directory /home/pdas/UAV_NAV_ROS/build/imu_bmx160_driver/build --no-deps symlink_data
[2.568s] DEBUG:colcon.colcon_core.event_handler.log_command:Invoking command in '/home/pdas/UAV_NAV_ROS/build/gps_zoe_m8q_driver': PYTHONPATH=/home/pdas/UAV_NAV_ROS/build/gps_zoe_m8q_driver/prefix_override:/usr/lib/python3/dist-packages/colcon_core/task/python/colcon_distutils_commands:/home/pdas/UAV_NAV_ROS/install/gps_zoe_m8q_driver/lib/python3.12/site-packages:${PYTHONPATH} /usr/bin/python3 -W ignore:setup.py install is deprecated -W ignore:easy_install command is deprecated setup.py develop --editable --build-directory /home/pdas/UAV_NAV_ROS/build/gps_zoe_m8q_driver/build --no-deps symlink_data
[3.681s] Level 1:colcon.colcon_core.shell:create_environment_hook('ekf2_estimator', 'pythonpath_develop')
[3.682s] INFO:colcon.colcon_core.shell:Creating environment hook '/home/pdas/UAV_NAV_ROS/build/ekf2_estimator/share/ekf2_estimator/hook/pythonpath_develop.ps1'
[3.684s] DEBUG:colcon.colcon_core.event_handler.log_command:Invoked command in '/home/pdas/UAV_NAV_ROS/build/ekf2_estimator' returned '0': PYTHONPATH=/home/pdas/UAV_NAV_ROS/build/ekf2_estimator/prefix_override:/usr/lib/python3/dist-packages/colcon_core/task/python/colcon_distutils_commands:/home/pdas/UAV_NAV_ROS/install/ekf2_estimator/lib/python3.12/site-packages:${PYTHONPATH} /usr/bin/python3 -W ignore:setup.py install is deprecated -W ignore:easy_install command is deprecated setup.py develop --editable --build-directory /home/pdas/UAV_NAV_ROS/build/ekf2_estimator/build --no-deps symlink_data
[3.685s] INFO:colcon.colcon_core.shell:Creating environment descriptor '/home/pdas/UAV_NAV_ROS/build/ekf2_estimator/share/ekf2_estimator/hook/pythonpath_develop.dsv'
[3.687s] INFO:colcon.colcon_core.shell:Creating environment hook '/home/pdas/UAV_NAV_ROS/build/ekf2_estimator/share/ekf2_estimator/hook/pythonpath_develop.sh'
[3.693s] Level 1:colcon.colcon_core.environment:checking '/home/pdas/UAV_NAV_ROS/install/ekf2_estimator' for CMake module files
[3.694s] Level 1:colcon.colcon_core.environment:checking '/home/pdas/UAV_NAV_ROS/install/ekf2_estimator' for CMake config files
[3.695s] Level 1:colcon.colcon_core.environment:checking '/home/pdas/UAV_NAV_ROS/install/ekf2_estimator/lib'
[3.695s] Level 1:colcon.colcon_core.environment:checking '/home/pdas/UAV_NAV_ROS/install/ekf2_estimator/bin'
[3.695s] Level 1:colcon.colcon_core.shell:create_environment_hook('ekf2_estimator', 'path')
[3.696s] INFO:colcon.colcon_core.shell:Creating environment hook '/home/pdas/UAV_NAV_ROS/install/ekf2_estimator/share/ekf2_estimator/hook/path.ps1'
[3.697s] INFO:colcon.colcon_core.shell:Creating environment descriptor '/home/pdas/UAV_NAV_ROS/install/ekf2_estimator/share/ekf2_estimator/hook/path.dsv'
[3.698s] INFO:colcon.colcon_core.shell:Creating environment hook '/home/pdas/UAV_NAV_ROS/install/ekf2_estimator/share/ekf2_estimator/hook/path.sh'
[3.699s] Level 1:colcon.colcon_core.environment:checking '/home/pdas/UAV_NAV_ROS/install/ekf2_estimator/lib/pkgconfig/ekf2_estimator.pc'
[3.700s] Level 1:colcon.colcon_core.environment:checking '/home/pdas/UAV_NAV_ROS/install/ekf2_estimator/lib/python3.12/site-packages'
[3.700s] Level 1:colcon.colcon_core.shell:create_environment_hook('ekf2_estimator', 'pythonpath')
[3.700s] INFO:colcon.colcon_core.shell:Creating environment hook '/home/pdas/UAV_NAV_ROS/install/ekf2_estimator/share/ekf2_estimator/hook/pythonpath.ps1'
[3.701s] INFO:colcon.colcon_core.shell:Creating environment descriptor '/home/pdas/UAV_NAV_ROS/install/ekf2_estimator/share/ekf2_estimator/hook/pythonpath.dsv'
[3.702s] INFO:colcon.colcon_core.shell:Creating environment hook '/home/pdas/UAV_NAV_ROS/install/ekf2_estimator/share/ekf2_estimator/hook/pythonpath.sh'
[3.704s] Level 1:colcon.colcon_core.environment:checking '/home/pdas/UAV_NAV_ROS/install/ekf2_estimator/bin'
[3.704s] Level 1:colcon.colcon_core.shell:create_environment_hook('ekf2_estimator', 'pythonscriptspath')
[3.704s] INFO:colcon.colcon_core.shell:Creating environment hook '/home/pdas/UAV_NAV_ROS/install/ekf2_estimator/share/ekf2_estimator/hook/pythonscriptspath.ps1'
[3.705s] INFO:colcon.colcon_core.shell:Creating environment descriptor '/home/pdas/UAV_NAV_ROS/install/ekf2_estimator/share/ekf2_estimator/hook/pythonscriptspath.dsv'
[3.706s] INFO:colcon.colcon_core.shell:Creating environment hook '/home/pdas/UAV_NAV_ROS/install/ekf2_estimator/share/ekf2_estimator/hook/pythonscriptspath.sh'
[3.707s] Level 1:colcon.colcon_core.environment:create_environment_scripts_only(ekf2_estimator)
[3.707s] INFO:colcon.colcon_core.shell:Creating package script '/home/pdas/UAV_NAV_ROS/install/ekf2_estimator/share/ekf2_estimator/package.ps1'
[3.710s] INFO:colcon.colcon_core.shell:Creating package descriptor '/home/pdas/UAV_NAV_ROS/install/ekf2_estimator/share/ekf2_estimator/package.dsv'
[3.711s] INFO:colcon.colcon_core.shell:Creating package script '/home/pdas/UAV_NAV_ROS/install/ekf2_estimator/share/ekf2_estimator/package.sh'
[3.713s] INFO:colcon.colcon_core.shell:Creating package script '/home/pdas/UAV_NAV_ROS/install/ekf2_estimator/share/ekf2_estimator/package.bash'
[3.714s] INFO:colcon.colcon_core.shell:Creating package script '/home/pdas/UAV_NAV_ROS/install/ekf2_estimator/share/ekf2_estimator/package.zsh'
[3.715s] Level 1:colcon.colcon_core.environment:create_file_with_runtime_dependencies(/home/pdas/UAV_NAV_ROS/install/ekf2_estimator/share/colcon-core/packages/ekf2_estimator)
[3.717s] Level 1:colcon.colcon_core.shell:create_environment_hook('imu_bmx160_driver', 'pythonpath_develop')
[3.718s] INFO:colcon.colcon_core.shell:Creating environment hook '/home/pdas/UAV_NAV_ROS/build/imu_bmx160_driver/share/imu_bmx160_driver/hook/pythonpath_develop.ps1'
[3.719s] DEBUG:colcon.colcon_core.event_handler.log_command:Invoked command in '/home/pdas/UAV_NAV_ROS/build/imu_bmx160_driver' returned '0': PYTHONPATH=/home/pdas/UAV_NAV_ROS/build/imu_bmx160_driver/prefix_override:/usr/lib/python3/dist-packages/colcon_core/task/python/colcon_distutils_commands:/home/pdas/UAV_NAV_ROS/install/imu_bmx160_driver/lib/python3.12/site-packages:${PYTHONPATH} /usr/bin/python3 -W ignore:setup.py install is deprecated -W ignore:easy_install command is deprecated setup.py develop --editable --build-directory /home/pdas/UAV_NAV_ROS/build/imu_bmx160_driver/build --no-deps symlink_data
[3.719s] INFO:colcon.colcon_core.shell:Creating environment descriptor '/home/pdas/UAV_NAV_ROS/build/imu_bmx160_driver/share/imu_bmx160_driver/hook/pythonpath_develop.dsv'
[3.720s] INFO:colcon.colcon_core.shell:Creating environment hook '/home/pdas/UAV_NAV_ROS/build/imu_bmx160_driver/share/imu_bmx160_driver/hook/pythonpath_develop.sh'
[3.722s] Level 1:colcon.colcon_core.environment:checking '/home/pdas/UAV_NAV_ROS/install/imu_bmx160_driver' for CMake module files
[3.722s] Level 1:colcon.colcon_core.environment:checking '/home/pdas/UAV_NAV_ROS/install/imu_bmx160_driver' for CMake config files
[3.723s] Level 1:colcon.colcon_core.environment:checking '/home/pdas/UAV_NAV_ROS/install/imu_bmx160_driver/lib'
[3.723s] Level 1:colcon.colcon_core.environment:checking '/home/pdas/UAV_NAV_ROS/install/imu_bmx160_driver/bin'
[3.723s] Level 1:colcon.colcon_core.shell:create_environment_hook('imu_bmx160_driver', 'path')
[3.724s] INFO:colcon.colcon_core.shell:Creating environment hook '/home/pdas/UAV_NAV_ROS/install/imu_bmx160_driver/share/imu_bmx160_driver/hook/path.ps1'
[3.725s] INFO:colcon.colcon_core.shell:Creating environment descriptor '/home/pdas/UAV_NAV_ROS/install/imu_bmx160_driver/share/imu_bmx160_driver/hook/path.dsv'
[3.726s] INFO:colcon.colcon_core.shell:Creating environment hook '/home/pdas/UAV_NAV_ROS/install/imu_bmx160_driver/share/imu_bmx160_driver/hook/path.sh'
[3.727s] Level 1:colcon.colcon_core.environment:checking '/home/pdas/UAV_NAV_ROS/install/imu_bmx160_driver/lib/pkgconfig/imu_bmx160_driver.pc'
[3.727s] Level 1:colcon.colcon_core.environment:checking '/home/pdas/UAV_NAV_ROS/install/imu_bmx160_driver/lib/python3.12/site-packages'
[3.727s] Level 1:colcon.colcon_core.shell:create_environment_hook('imu_bmx160_driver', 'pythonpath')
[3.728s] INFO:colcon.colcon_core.shell:Creating environment hook '/home/pdas/UAV_NAV_ROS/install/imu_bmx160_driver/share/imu_bmx160_driver/hook/pythonpath.ps1'
[3.729s] INFO:colcon.colcon_core.shell:Creating environment descriptor '/home/pdas/UAV_NAV_ROS/install/imu_bmx160_driver/share/imu_bmx160_driver/hook/pythonpath.dsv'
[3.730s] INFO:colcon.colcon_core.shell:Creating environment hook '/home/pdas/UAV_NAV_ROS/install/imu_bmx160_driver/share/imu_bmx160_driver/hook/pythonpath.sh'
[3.731s] Level 1:colcon.colcon_core.environment:checking '/home/pdas/UAV_NAV_ROS/install/imu_bmx160_driver/bin'
[3.731s] Level 1:colcon.colcon_core.shell:create_environment_hook('imu_bmx160_driver', 'pythonscriptspath')
[3.732s] INFO:colcon.colcon_core.shell:Creating environment hook '/home/pdas/UAV_NAV_ROS/install/imu_bmx160_driver/share/imu_bmx160_driver/hook/pythonscriptspath.ps1'
[3.732s] INFO:colcon.colcon_core.shell:Creating environment descriptor '/home/pdas/UAV_NAV_ROS/install/imu_bmx160_driver/share/imu_bmx160_driver/hook/pythonscriptspath.dsv'
[3.733s] INFO:colcon.colcon_core.shell:Creating environment hook '/home/pdas/UAV_NAV_ROS/install/imu_bmx160_driver/share/imu_bmx160_driver/hook/pythonscriptspath.sh'
[3.734s] Level 1:colcon.colcon_core.environment:create_environment_scripts_only(imu_bmx160_driver)
[3.734s] INFO:colcon.colcon_core.shell:Creating package script '/home/pdas/UAV_NAV_ROS/install/imu_bmx160_driver/share/imu_bmx160_driver/package.ps1'
[3.735s] INFO:colcon.colcon_core.shell:Creating package descriptor '/home/pdas/UAV_NAV_ROS/install/imu_bmx160_driver/share/imu_bmx160_driver/package.dsv'
[3.736s] INFO:colcon.colcon_core.shell:Creating package script '/home/pdas/UAV_NAV_ROS/install/imu_bmx160_driver/share/imu_bmx160_driver/package.sh'
[3.737s] INFO:colcon.colcon_core.shell:Creating package script '/home/pdas/UAV_NAV_ROS/install/imu_bmx160_driver/share/imu_bmx160_driver/package.bash'
[3.737s] INFO:colcon.colcon_core.shell:Creating package script '/home/pdas/UAV_NAV_ROS/install/imu_bmx160_driver/share/imu_bmx160_driver/package.zsh'
[3.738s] Level 1:colcon.colcon_core.environment:create_file_with_runtime_dependencies(/home/pdas/UAV_NAV_ROS/install/imu_bmx160_driver/share/colcon-core/packages/imu_bmx160_driver)
[3.739s] Level 1:colcon.colcon_core.shell:create_environment_hook('gps_zoe_m8q_driver', 'pythonpath_develop')
[3.740s] INFO:colcon.colcon_core.shell:Creating environment hook '/home/pdas/UAV_NAV_ROS/build/gps_zoe_m8q_driver/share/gps_zoe_m8q_driver/hook/pythonpath_develop.ps1'
[3.740s] DEBUG:colcon.colcon_core.event_handler.log_command:Invoked command in '/home/pdas/UAV_NAV_ROS/build/gps_zoe_m8q_driver' returned '0': PYTHONPATH=/home/pdas/UAV_NAV_ROS/build/gps_zoe_m8q_driver/prefix_override:/usr/lib/python3/dist-packages/colcon_core/task/python/colcon_distutils_commands:/home/pdas/UAV_NAV_ROS/install/gps_zoe_m8q_driver/lib/python3.12/site-packages:${PYTHONPATH} /usr/bin/python3 -W ignore:setup.py install is deprecated -W ignore:easy_install command is deprecated setup.py develop --editable --build-directory /home/pdas/UAV_NAV_ROS/build/gps_zoe_m8q_driver/build --no-deps symlink_data
[3.741s] INFO:colcon.colcon_core.shell:Creating environment descriptor '/home/pdas/UAV_NAV_ROS/build/gps_zoe_m8q_driver/share/gps_zoe_m8q_driver/hook/pythonpath_develop.dsv'
[3.741s] INFO:colcon.colcon_core.shell:Creating environment hook '/home/pdas/UAV_NAV_ROS/build/gps_zoe_m8q_driver/share/gps_zoe_m8q_driver/hook/pythonpath_develop.sh'
[3.742s] Level 1:colcon.colcon_core.environment:checking '/home/pdas/UAV_NAV_ROS/install/gps_zoe_m8q_driver' for CMake module files
[3.743s] Level 1:colcon.colcon_core.environment:checking '/home/pdas/UAV_NAV_ROS/install/gps_zoe_m8q_driver' for CMake config files
[3.744s] Level 1:colcon.colcon_core.environment:checking '/home/pdas/UAV_NAV_ROS/install/gps_zoe_m8q_driver/lib'
[3.744s] Level 1:colcon.colcon_core.environment:checking '/home/pdas/UAV_NAV_ROS/install/gps_zoe_m8q_driver/bin'
[3.744s] Level 1:colcon.colcon_core.shell:create_environment_hook('gps_zoe_m8q_driver', 'path')
[3.744s] INFO:colcon.colcon_core.shell:Creating environment hook '/home/pdas/UAV_NAV_ROS/install/gps_zoe_m8q_driver/share/gps_zoe_m8q_driver/hook/path.ps1'
[3.745s] INFO:colcon.colcon_core.shell:Creating environment descriptor '/home/pdas/UAV_NAV_ROS/install/gps_zoe_m8q_driver/share/gps_zoe_m8q_driver/hook/path.dsv'
[3.745s] INFO:colcon.colcon_core.shell:Creating environment hook '/home/pdas/UAV_NAV_ROS/install/gps_zoe_m8q_driver/share/gps_zoe_m8q_driver/hook/path.sh'
[3.746s] Level 1:colcon.colcon_core.environment:checking '/home/pdas/UAV_NAV_ROS/install/gps_zoe_m8q_driver/lib/pkgconfig/gps_zoe_m8q_driver.pc'
[3.746s] Level 1:colcon.colcon_core.environment:checking '/home/pdas/UAV_NAV_ROS/install/gps_zoe_m8q_driver/lib/python3.12/site-packages'
[3.746s] Level 1:colcon.colcon_core.shell:create_environment_hook('gps_zoe_m8q_driver', 'pythonpath')
[3.747s] INFO:colcon.colcon_core.shell:Creating environment hook '/home/pdas/UAV_NAV_ROS/install/gps_zoe_m8q_driver/share/gps_zoe_m8q_driver/hook/pythonpath.ps1'
[3.747s] INFO:colcon.colcon_core.shell:Creating environment descriptor '/home/pdas/UAV_NAV_ROS/install/gps_zoe_m8q_driver/share/gps_zoe_m8q_driver/hook/pythonpath.dsv'
[3.748s] INFO:colcon.colcon_core.shell:Creating environment hook '/home/pdas/UAV_NAV_ROS/install/gps_zoe_m8q_driver/share/gps_zoe_m8q_driver/hook/pythonpath.sh'
[3.750s] Level 1:colcon.colcon_core.environment:checking '/home/pdas/UAV_NAV_ROS/install/gps_zoe_m8q_driver/bin'
[3.750s] Level 1:colcon.colcon_core.shell:create_environment_hook('gps_zoe_m8q_driver', 'pythonscriptspath')
[3.750s] INFO:colcon.colcon_core.shell:Creating environment hook '/home/pdas/UAV_NAV_ROS/install/gps_zoe_m8q_driver/share/gps_zoe_m8q_driver/hook/pythonscriptspath.ps1'
[3.751s] INFO:colcon.colcon_core.shell:Creating environment descriptor '/home/pdas/UAV_NAV_ROS/install/gps_zoe_m8q_driver/share/gps_zoe_m8q_driver/hook/pythonscriptspath.dsv'
[3.751s] INFO:colcon.colcon_core.shell:Creating environment hook '/home/pdas/UAV_NAV_ROS/install/gps_zoe_m8q_driver/share/gps_zoe_m8q_driver/hook/pythonscriptspath.sh'
[3.752s] Level 1:colcon.colcon_core.environment:create_environment_scripts_only(gps_zoe_m8q_driver)
[3.752s] INFO:colcon.colcon_core.shell:Creating package script '/home/pdas/UAV_NAV_ROS/install/gps_zoe_m8q_driver/share/gps_zoe_m8q_driver/package.ps1'
[3.753s] INFO:colcon.colcon_core.shell:Creating package descriptor '/home/pdas/UAV_NAV_ROS/install/gps_zoe_m8q_driver/share/gps_zoe_m8q_driver/package.dsv'
[3.754s] INFO:colcon.colcon_core.shell:Creating package script '/home/pdas/UAV_NAV_ROS/install/gps_zoe_m8q_driver/share/gps_zoe_m8q_driver/package.sh'
[3.755s] INFO:colcon.colcon_core.shell:Creating package script '/home/pdas/UAV_NAV_ROS/install/gps_zoe_m8q_driver/share/gps_zoe_m8q_driver/package.bash'
[3.755s] INFO:colcon.colcon_core.shell:Creating package script '/home/pdas/UAV_NAV_ROS/install/gps_zoe_m8q_driver/share/gps_zoe_m8q_driver/package.zsh'
[3.756s] Level 1:colcon.colcon_core.environment:create_file_with_runtime_dependencies(/home/pdas/UAV_NAV_ROS/install/gps_zoe_m8q_driver/share/colcon-core/packages/gps_zoe_m8q_driver)
[3.756s] DEBUG:colcon.colcon_parallel_executor.executor.parallel:closing loop
[3.757s] DEBUG:colcon.colcon_parallel_executor.executor.parallel:loop closed
[3.757s] DEBUG:colcon.colcon_parallel_executor.executor.parallel:run_until_complete finished with '0'
[3.757s] DEBUG:colcon.colcon_core.event_reactor:joining thread
[3.765s] INFO:colcon.colcon_core.plugin_system:Skipping extension 'colcon_notification.desktop_notification.notify_send': Could not find 'notify-send'
[3.765s] INFO:colcon.colcon_core.plugin_system:Skipping extension 'colcon_notification.desktop_notification.terminal_notifier': Not used on non-Darwin systems
[3.765s] INFO:colcon.colcon_core.plugin_system:Skipping extension 'colcon_notification.desktop_notification.win32': Not used on non-Windows systems
[3.765s] INFO:colcon.colcon_notification.desktop_notification:Sending desktop notification using 'notify2'
[3.766s] DEBUG:colcon.colcon_notification.desktop_notification.notify2:Failed to initialize notify2: org.freedesktop.DBus.Error.ServiceUnknown: The name org.freedesktop.Notifications was not provided by any .service files
[3.767s] DEBUG:colcon.colcon_core.event_reactor:joined thread
[3.767s] INFO:colcon.colcon_core.shell:Creating prefix script '/home/pdas/UAV_NAV_ROS/install/local_setup.ps1'
[3.769s] INFO:colcon.colcon_core.shell:Creating prefix util module '/home/pdas/UAV_NAV_ROS/install/_local_setup_util_ps1.py'
[3.771s] INFO:colcon.colcon_core.shell:Creating prefix chain script '/home/pdas/UAV_NAV_ROS/install/setup.ps1'
[3.773s] INFO:colcon.colcon_core.shell:Creating prefix script '/home/pdas/UAV_NAV_ROS/install/local_setup.sh'
[3.774s] INFO:colcon.colcon_core.shell:Creating prefix util module '/home/pdas/UAV_NAV_ROS/install/_local_setup_util_sh.py'
[3.775s] INFO:colcon.colcon_core.shell:Creating prefix chain script '/home/pdas/UAV_NAV_ROS/install/setup.sh'
[3.777s] INFO:colcon.colcon_core.shell:Creating prefix script '/home/pdas/UAV_NAV_ROS/install/local_setup.bash'
[3.778s] INFO:colcon.colcon_core.shell:Creating prefix chain script '/home/pdas/UAV_NAV_ROS/install/setup.bash'
[3.781s] INFO:colcon.colcon_core.shell:Creating prefix script '/home/pdas/UAV_NAV_ROS/install/local_setup.zsh'
[3.782s] INFO:colcon.colcon_core.shell:Creating prefix chain script '/home/pdas/UAV_NAV_ROS/install/setup.zsh'
