[0.159s] DEBUG:colcon:Command line arguments: ['/usr/bin/colcon', 'build', '--symlink-install']
[0.159s] DEBUG:colcon:Parsed command line arguments: Namespace(log_base=None, log_level=None, verb_name='build', build_base='build', install_base='install', merge_install=False, symlink_install=True, test_result_base=None, continue_on_error=False, executor='parallel', parallel_workers=4, event_handlers=None, ignore_user_meta=False, metas=['./colcon.meta'], base_paths=['.'], packages_ignore=None, packages_ignore_regex=None, paths=None, packages_up_to=None, packages_up_to_regex=None, packages_above=None, packages_above_and_dependencies=None, packages_above_depth=None, packages_select_by_dep=None, packages_skip_by_dep=None, packages_skip_up_to=None, packages_select_build_failed=False, packages_skip_build_finished=False, packages_select_test_failures=False, packages_skip_test_passed=False, packages_select=None, packages_skip=None, packages_select_regex=None, packages_skip_regex=None, packages_start=None, packages_end=None, allow_overriding=[], cmake_args=None, cmake_target=None, cmake_target_skip_unavailable=False, cmake_clean_cache=False, cmake_clean_first=False, cmake_force_configure=False, ament_cmake_args=None, catkin_cmake_args=None, catkin_skip_building_tests=False, mixin_files=None, mixin=None, verb_parser=<colcon_mixin.mixin.mixin_argument.MixinArgumentDecorator object at 0xffff9aae3cb0>, verb_extension=<colcon_core.verb.build.BuildVerb object at 0xffff9aa4c350>, main=<bound method BuildVerb.main of <colcon_core.verb.build.BuildVerb object at 0xffff9aa4c350>>, mixin_verb=('build',))
[0.215s] Level 1:colcon.colcon_core.package_discovery:discover_packages(colcon_meta) check parameters
[0.215s] Level 1:colcon.colcon_core.package_discovery:discover_packages(recursive) check parameters
[0.215s] Level 1:colcon.colcon_core.package_discovery:discover_packages(ignore) check parameters
[0.215s] Level 1:colcon.colcon_core.package_discovery:discover_packages(path) check parameters
[0.215s] Level 1:colcon.colcon_core.package_discovery:discover_packages(colcon_meta) discover
[0.216s] Level 1:colcon.colcon_core.package_discovery:discover_packages(recursive) discover
[0.216s] INFO:colcon.colcon_core.package_discovery:Crawling recursively for packages in '/home/pdas/UAV_NAV_ROS'
[0.216s] Level 1:colcon.colcon_core.package_identification:_identify(.) by extensions ['ignore', 'ignore_ament_install']
[0.216s] Level 1:colcon.colcon_core.package_identification:_identify(.) by extension 'ignore'
[0.216s] Level 1:colcon.colcon_core.package_identification:_identify(.) by extension 'ignore_ament_install'
[0.216s] Level 1:colcon.colcon_core.package_identification:_identify(.) by extensions ['colcon_pkg']
[0.216s] Level 1:colcon.colcon_core.package_identification:_identify(.) by extension 'colcon_pkg'
[0.216s] Level 1:colcon.colcon_core.package_identification:_identify(.) by extensions ['colcon_meta']
[0.216s] Level 1:colcon.colcon_core.package_identification:_identify(.) by extension 'colcon_meta'
[0.216s] Level 1:colcon.colcon_core.package_identification:_identify(.) by extensions ['ros']
[0.216s] Level 1:colcon.colcon_core.package_identification:_identify(.) by extension 'ros'
[0.255s] Level 1:colcon.colcon_core.package_identification:_identify(.) by extensions ['cmake', 'python']
[0.255s] Level 1:colcon.colcon_core.package_identification:_identify(.) by extension 'cmake'
[0.255s] Level 1:colcon.colcon_core.package_identification:_identify(.) by extension 'python'
[0.255s] Level 1:colcon.colcon_core.package_identification:_identify(.) by extensions ['python_setup_py']
[0.255s] Level 1:colcon.colcon_core.package_identification:_identify(.) by extension 'python_setup_py'
[0.255s] Level 1:colcon.colcon_core.package_identification:_identify(build) by extensions ['ignore', 'ignore_ament_install']
[0.255s] Level 1:colcon.colcon_core.package_identification:_identify(build) by extension 'ignore'
[0.255s] Level 1:colcon.colcon_core.package_identification:_identify(build) ignored
[0.256s] Level 1:colcon.colcon_core.package_identification:_identify(ekf2_estimator) by extensions ['ignore', 'ignore_ament_install']
[0.256s] Level 1:colcon.colcon_core.package_identification:_identify(ekf2_estimator) by extension 'ignore'
[0.256s] Level 1:colcon.colcon_core.package_identification:_identify(ekf2_estimator) by extension 'ignore_ament_install'
[0.256s] Level 1:colcon.colcon_core.package_identification:_identify(ekf2_estimator) by extensions ['colcon_pkg']
[0.256s] Level 1:colcon.colcon_core.package_identification:_identify(ekf2_estimator) by extension 'colcon_pkg'
[0.256s] Level 1:colcon.colcon_core.package_identification:_identify(ekf2_estimator) by extensions ['colcon_meta']
[0.256s] Level 1:colcon.colcon_core.package_identification:_identify(ekf2_estimator) by extension 'colcon_meta'
[0.256s] Level 1:colcon.colcon_core.package_identification:_identify(ekf2_estimator) by extensions ['ros']
[0.256s] Level 1:colcon.colcon_core.package_identification:_identify(ekf2_estimator) by extension 'ros'
[0.260s] DEBUG:colcon.colcon_core.package_identification:Package 'ekf2_estimator' with type 'ros.ament_python' and name 'ekf2_estimator'
[0.260s] Level 1:colcon.colcon_core.package_identification:_identify(gps_zoe_m8q_driver) by extensions ['ignore', 'ignore_ament_install']
[0.260s] Level 1:colcon.colcon_core.package_identification:_identify(gps_zoe_m8q_driver) by extension 'ignore'
[0.260s] Level 1:colcon.colcon_core.package_identification:_identify(gps_zoe_m8q_driver) by extension 'ignore_ament_install'
[0.260s] Level 1:colcon.colcon_core.package_identification:_identify(gps_zoe_m8q_driver) by extensions ['colcon_pkg']
[0.260s] Level 1:colcon.colcon_core.package_identification:_identify(gps_zoe_m8q_driver) by extension 'colcon_pkg'
[0.260s] Level 1:colcon.colcon_core.package_identification:_identify(gps_zoe_m8q_driver) by extensions ['colcon_meta']
[0.260s] Level 1:colcon.colcon_core.package_identification:_identify(gps_zoe_m8q_driver) by extension 'colcon_meta'
[0.260s] Level 1:colcon.colcon_core.package_identification:_identify(gps_zoe_m8q_driver) by extensions ['ros']
[0.260s] Level 1:colcon.colcon_core.package_identification:_identify(gps_zoe_m8q_driver) by extension 'ros'
[0.261s] DEBUG:colcon.colcon_core.package_identification:Package 'gps_zoe_m8q_driver' with type 'ros.ament_python' and name 'gps_zoe_m8q_driver'
[0.261s] Level 1:colcon.colcon_core.package_identification:_identify(imu_bmx160_driver) by extensions ['ignore', 'ignore_ament_install']
[0.261s] Level 1:colcon.colcon_core.package_identification:_identify(imu_bmx160_driver) by extension 'ignore'
[0.261s] Level 1:colcon.colcon_core.package_identification:_identify(imu_bmx160_driver) by extension 'ignore_ament_install'
[0.261s] Level 1:colcon.colcon_core.package_identification:_identify(imu_bmx160_driver) by extensions ['colcon_pkg']
[0.261s] Level 1:colcon.colcon_core.package_identification:_identify(imu_bmx160_driver) by extension 'colcon_pkg'
[0.261s] Level 1:colcon.colcon_core.package_identification:_identify(imu_bmx160_driver) by extensions ['colcon_meta']
[0.261s] Level 1:colcon.colcon_core.package_identification:_identify(imu_bmx160_driver) by extension 'colcon_meta'
[0.261s] Level 1:colcon.colcon_core.package_identification:_identify(imu_bmx160_driver) by extensions ['ros']
[0.261s] Level 1:colcon.colcon_core.package_identification:_identify(imu_bmx160_driver) by extension 'ros'
[0.262s] DEBUG:colcon.colcon_core.package_identification:Package 'imu_bmx160_driver' with type 'ros.ament_python' and name 'imu_bmx160_driver'
[0.262s] Level 1:colcon.colcon_core.package_identification:_identify(install) by extensions ['ignore', 'ignore_ament_install']
[0.262s] Level 1:colcon.colcon_core.package_identification:_identify(install) by extension 'ignore'
[0.262s] Level 1:colcon.colcon_core.package_identification:_identify(install) ignored
[0.262s] Level 1:colcon.colcon_core.package_identification:_identify(launch) by extensions ['ignore', 'ignore_ament_install']
[0.263s] Level 1:colcon.colcon_core.package_identification:_identify(launch) by extension 'ignore'
[0.263s] Level 1:colcon.colcon_core.package_identification:_identify(launch) by extension 'ignore_ament_install'
[0.263s] Level 1:colcon.colcon_core.package_identification:_identify(launch) by extensions ['colcon_pkg']
[0.263s] Level 1:colcon.colcon_core.package_identification:_identify(launch) by extension 'colcon_pkg'
[0.263s] Level 1:colcon.colcon_core.package_identification:_identify(launch) by extensions ['colcon_meta']
[0.263s] Level 1:colcon.colcon_core.package_identification:_identify(launch) by extension 'colcon_meta'
[0.263s] Level 1:colcon.colcon_core.package_identification:_identify(launch) by extensions ['ros']
[0.263s] Level 1:colcon.colcon_core.package_identification:_identify(launch) by extension 'ros'
[0.263s] Level 1:colcon.colcon_core.package_identification:_identify(launch) by extensions ['cmake', 'python']
[0.263s] Level 1:colcon.colcon_core.package_identification:_identify(launch) by extension 'cmake'
[0.263s] Level 1:colcon.colcon_core.package_identification:_identify(launch) by extension 'python'
[0.263s] Level 1:colcon.colcon_core.package_identification:_identify(launch) by extensions ['python_setup_py']
[0.263s] Level 1:colcon.colcon_core.package_identification:_identify(launch) by extension 'python_setup_py'
[0.263s] Level 1:colcon.colcon_core.package_identification:_identify(log) by extensions ['ignore', 'ignore_ament_install']
[0.263s] Level 1:colcon.colcon_core.package_identification:_identify(log) by extension 'ignore'
[0.263s] Level 1:colcon.colcon_core.package_identification:_identify(log) ignored
[0.263s] Level 1:colcon.colcon_core.package_discovery:discover_packages(recursive) using defaults
[0.264s] Level 1:colcon.colcon_core.package_discovery:discover_packages(ignore) discover
[0.264s] Level 1:colcon.colcon_core.package_discovery:discover_packages(ignore) using defaults
[0.264s] Level 1:colcon.colcon_core.package_discovery:discover_packages(path) discover
[0.264s] Level 1:colcon.colcon_core.package_discovery:discover_packages(path) using defaults
[0.288s] Level 1:colcon.colcon_core.package_discovery:discover_packages(prefix_path) check parameters
[0.288s] Level 1:colcon.colcon_core.package_discovery:discover_packages(prefix_path) discover
[0.291s] DEBUG:colcon.colcon_installed_package_information.package_discovery:Found 4 installed packages in /home/pdas/uav-ros/src/install
[0.291s] DEBUG:colcon.colcon_installed_package_information.package_discovery:Found 2 installed packages in /home/pdas/ROS2-UAV/ros2_ws/install
[0.293s] DEBUG:colcon.colcon_installed_package_information.package_discovery:Found 339 installed packages in /opt/ros/jazzy
[0.296s] Level 1:colcon.colcon_core.package_discovery:discover_packages(prefix_path) using defaults
[0.364s] Level 5:colcon.colcon_core.verb:set package 'ekf2_estimator' build argument 'cmake_args' from command line to 'None'
[0.365s] Level 5:colcon.colcon_core.verb:set package 'ekf2_estimator' build argument 'cmake_target' from command line to 'None'
[0.365s] Level 5:colcon.colcon_core.verb:set package 'ekf2_estimator' build argument 'cmake_target_skip_unavailable' from command line to 'False'
[0.365s] Level 5:colcon.colcon_core.verb:set package 'ekf2_estimator' build argument 'cmake_clean_cache' from command line to 'False'
[0.365s] Level 5:colcon.colcon_core.verb:set package 'ekf2_estimator' build argument 'cmake_clean_first' from command line to 'False'
[0.365s] Level 5:colcon.colcon_core.verb:set package 'ekf2_estimator' build argument 'cmake_force_configure' from command line to 'False'
[0.365s] Level 5:colcon.colcon_core.verb:set package 'ekf2_estimator' build argument 'ament_cmake_args' from command line to 'None'
[0.365s] Level 5:colcon.colcon_core.verb:set package 'ekf2_estimator' build argument 'catkin_cmake_args' from command line to 'None'
[0.365s] Level 5:colcon.colcon_core.verb:set package 'ekf2_estimator' build argument 'catkin_skip_building_tests' from command line to 'False'
[0.365s] DEBUG:colcon.colcon_core.verb:Building package 'ekf2_estimator' with the following arguments: {'ament_cmake_args': None, 'build_base': '/home/pdas/UAV_NAV_ROS/build/ekf2_estimator', 'catkin_cmake_args': None, 'catkin_skip_building_tests': False, 'cmake_args': None, 'cmake_clean_cache': False, 'cmake_clean_first': False, 'cmake_force_configure': False, 'cmake_target': None, 'cmake_target_skip_unavailable': False, 'install_base': '/home/pdas/UAV_NAV_ROS/install/ekf2_estimator', 'merge_install': False, 'path': '/home/pdas/UAV_NAV_ROS/ekf2_estimator', 'symlink_install': True, 'test_result_base': None}
[0.365s] Level 5:colcon.colcon_core.verb:set package 'gps_zoe_m8q_driver' build argument 'cmake_args' from command line to 'None'
[0.365s] Level 5:colcon.colcon_core.verb:set package 'gps_zoe_m8q_driver' build argument 'cmake_target' from command line to 'None'
[0.365s] Level 5:colcon.colcon_core.verb:set package 'gps_zoe_m8q_driver' build argument 'cmake_target_skip_unavailable' from command line to 'False'
[0.365s] Level 5:colcon.colcon_core.verb:set package 'gps_zoe_m8q_driver' build argument 'cmake_clean_cache' from command line to 'False'
[0.365s] Level 5:colcon.colcon_core.verb:set package 'gps_zoe_m8q_driver' build argument 'cmake_clean_first' from command line to 'False'
[0.365s] Level 5:colcon.colcon_core.verb:set package 'gps_zoe_m8q_driver' build argument 'cmake_force_configure' from command line to 'False'
[0.365s] Level 5:colcon.colcon_core.verb:set package 'gps_zoe_m8q_driver' build argument 'ament_cmake_args' from command line to 'None'
[0.365s] Level 5:colcon.colcon_core.verb:set package 'gps_zoe_m8q_driver' build argument 'catkin_cmake_args' from command line to 'None'
[0.365s] Level 5:colcon.colcon_core.verb:set package 'gps_zoe_m8q_driver' build argument 'catkin_skip_building_tests' from command line to 'False'
[0.365s] DEBUG:colcon.colcon_core.verb:Building package 'gps_zoe_m8q_driver' with the following arguments: {'ament_cmake_args': None, 'build_base': '/home/pdas/UAV_NAV_ROS/build/gps_zoe_m8q_driver', 'catkin_cmake_args': None, 'catkin_skip_building_tests': False, 'cmake_args': None, 'cmake_clean_cache': False, 'cmake_clean_first': False, 'cmake_force_configure': False, 'cmake_target': None, 'cmake_target_skip_unavailable': False, 'install_base': '/home/pdas/UAV_NAV_ROS/install/gps_zoe_m8q_driver', 'merge_install': False, 'path': '/home/pdas/UAV_NAV_ROS/gps_zoe_m8q_driver', 'symlink_install': True, 'test_result_base': None}
[0.366s] Level 5:colcon.colcon_core.verb:set package 'imu_bmx160_driver' build argument 'cmake_args' from command line to 'None'
[0.366s] Level 5:colcon.colcon_core.verb:set package 'imu_bmx160_driver' build argument 'cmake_target' from command line to 'None'
[0.366s] Level 5:colcon.colcon_core.verb:set package 'imu_bmx160_driver' build argument 'cmake_target_skip_unavailable' from command line to 'False'
[0.366s] Level 5:colcon.colcon_core.verb:set package 'imu_bmx160_driver' build argument 'cmake_clean_cache' from command line to 'False'
[0.366s] Level 5:colcon.colcon_core.verb:set package 'imu_bmx160_driver' build argument 'cmake_clean_first' from command line to 'False'
[0.366s] Level 5:colcon.colcon_core.verb:set package 'imu_bmx160_driver' build argument 'cmake_force_configure' from command line to 'False'
[0.366s] Level 5:colcon.colcon_core.verb:set package 'imu_bmx160_driver' build argument 'ament_cmake_args' from command line to 'None'
[0.366s] Level 5:colcon.colcon_core.verb:set package 'imu_bmx160_driver' build argument 'catkin_cmake_args' from command line to 'None'
[0.366s] Level 5:colcon.colcon_core.verb:set package 'imu_bmx160_driver' build argument 'catkin_skip_building_tests' from command line to 'False'
[0.366s] DEBUG:colcon.colcon_core.verb:Building package 'imu_bmx160_driver' with the following arguments: {'ament_cmake_args': None, 'build_base': '/home/pdas/UAV_NAV_ROS/build/imu_bmx160_driver', 'catkin_cmake_args': None, 'catkin_skip_building_tests': False, 'cmake_args': None, 'cmake_clean_cache': False, 'cmake_clean_first': False, 'cmake_force_configure': False, 'cmake_target': None, 'cmake_target_skip_unavailable': False, 'install_base': '/home/pdas/UAV_NAV_ROS/install/imu_bmx160_driver', 'merge_install': False, 'path': '/home/pdas/UAV_NAV_ROS/imu_bmx160_driver', 'symlink_install': True, 'test_result_base': None}
[0.366s] INFO:colcon.colcon_core.executor:Executing jobs using 'parallel' executor
[0.368s] DEBUG:colcon.colcon_parallel_executor.executor.parallel:run_until_complete
[0.368s] INFO:colcon.colcon_ros.task.ament_python.build:Building ROS package in '/home/pdas/UAV_NAV_ROS/ekf2_estimator' with build type 'ament_python'
[0.368s] Level 1:colcon.colcon_core.shell:create_environment_hook('ekf2_estimator', 'ament_prefix_path')
[0.371s] INFO:colcon.colcon_core.plugin_system:Skipping extension 'colcon_core.shell.bat': Not used on non-Windows systems
[0.371s] INFO:colcon.colcon_core.shell:Creating environment hook '/home/pdas/UAV_NAV_ROS/install/ekf2_estimator/share/ekf2_estimator/hook/ament_prefix_path.ps1'
[0.372s] INFO:colcon.colcon_core.shell:Creating environment descriptor '/home/pdas/UAV_NAV_ROS/install/ekf2_estimator/share/ekf2_estimator/hook/ament_prefix_path.dsv'
[0.373s] INFO:colcon.colcon_core.shell:Creating environment hook '/home/pdas/UAV_NAV_ROS/install/ekf2_estimator/share/ekf2_estimator/hook/ament_prefix_path.sh'
[0.375s] INFO:colcon.colcon_core.shell:Skip shell extension 'powershell' for command environment: Not usable outside of PowerShell
[0.375s] DEBUG:colcon.colcon_core.shell:Skip shell extension 'dsv' for command environment
[0.381s] INFO:colcon.colcon_ros.task.ament_python.build:Building ROS package in '/home/pdas/UAV_NAV_ROS/gps_zoe_m8q_driver' with build type 'ament_python'
[0.381s] Level 1:colcon.colcon_core.shell:create_environment_hook('gps_zoe_m8q_driver', 'ament_prefix_path')
[0.381s] INFO:colcon.colcon_core.shell:Creating environment hook '/home/pdas/UAV_NAV_ROS/install/gps_zoe_m8q_driver/share/gps_zoe_m8q_driver/hook/ament_prefix_path.ps1'
[0.383s] INFO:colcon.colcon_core.shell:Creating environment descriptor '/home/pdas/UAV_NAV_ROS/install/gps_zoe_m8q_driver/share/gps_zoe_m8q_driver/hook/ament_prefix_path.dsv'
[0.383s] INFO:colcon.colcon_core.shell:Creating environment hook '/home/pdas/UAV_NAV_ROS/install/gps_zoe_m8q_driver/share/gps_zoe_m8q_driver/hook/ament_prefix_path.sh'
[0.384s] INFO:colcon.colcon_core.shell:Skip shell extension 'powershell' for command environment: Not usable outside of PowerShell
[0.384s] DEBUG:colcon.colcon_core.shell:Skip shell extension 'dsv' for command environment
[0.391s] INFO:colcon.colcon_ros.task.ament_python.build:Building ROS package in '/home/pdas/UAV_NAV_ROS/imu_bmx160_driver' with build type 'ament_python'
[0.391s] Level 1:colcon.colcon_core.shell:create_environment_hook('imu_bmx160_driver', 'ament_prefix_path')
[0.391s] INFO:colcon.colcon_core.shell:Creating environment hook '/home/pdas/UAV_NAV_ROS/install/imu_bmx160_driver/share/imu_bmx160_driver/hook/ament_prefix_path.ps1'
[0.392s] INFO:colcon.colcon_core.shell:Creating environment descriptor '/home/pdas/UAV_NAV_ROS/install/imu_bmx160_driver/share/imu_bmx160_driver/hook/ament_prefix_path.dsv'
[0.393s] INFO:colcon.colcon_core.shell:Creating environment hook '/home/pdas/UAV_NAV_ROS/install/imu_bmx160_driver/share/imu_bmx160_driver/hook/ament_prefix_path.sh'
[0.394s] INFO:colcon.colcon_core.shell:Skip shell extension 'powershell' for command environment: Not usable outside of PowerShell
[0.394s] DEBUG:colcon.colcon_core.shell:Skip shell extension 'dsv' for command environment
[0.762s] INFO:colcon.colcon_core.task.python.build:Building Python package in '/home/pdas/UAV_NAV_ROS/ekf2_estimator'
[0.762s] INFO:colcon.colcon_core.shell:Skip shell extension 'powershell' for command environment: Not usable outside of PowerShell
[0.762s] DEBUG:colcon.colcon_core.shell:Skip shell extension 'dsv' for command environment
[1.130s] INFO:colcon.colcon_core.task.python.build:Building Python package in '/home/pdas/UAV_NAV_ROS/gps_zoe_m8q_driver'
[1.130s] INFO:colcon.colcon_core.shell:Skip shell extension 'powershell' for command environment: Not usable outside of PowerShell
[1.130s] DEBUG:colcon.colcon_core.shell:Skip shell extension 'dsv' for command environment
[1.485s] INFO:colcon.colcon_core.task.python.build:Building Python package in '/home/pdas/UAV_NAV_ROS/imu_bmx160_driver'
[1.485s] INFO:colcon.colcon_core.shell:Skip shell extension 'powershell' for command environment: Not usable outside of PowerShell
[1.485s] DEBUG:colcon.colcon_core.shell:Skip shell extension 'dsv' for command environment
[2.742s] DEBUG:colcon.colcon_core.event_handler.log_command:Invoking command in '/home/pdas/UAV_NAV_ROS/build/gps_zoe_m8q_driver': PYTHONPATH=/home/pdas/UAV_NAV_ROS/build/gps_zoe_m8q_driver/prefix_override:/usr/lib/python3/dist-packages/colcon_core/task/python/colcon_distutils_commands:/home/pdas/UAV_NAV_ROS/install/gps_zoe_m8q_driver/lib/python3.12/site-packages:${PYTHONPATH} /usr/bin/python3 -W ignore:setup.py install is deprecated -W ignore:easy_install command is deprecated setup.py develop --editable --build-directory /home/pdas/UAV_NAV_ROS/build/gps_zoe_m8q_driver/build --no-deps symlink_data
[2.779s] DEBUG:colcon.colcon_core.event_handler.log_command:Invoking command in '/home/pdas/UAV_NAV_ROS/build/imu_bmx160_driver': PYTHONPATH=/home/pdas/UAV_NAV_ROS/build/imu_bmx160_driver/prefix_override:/usr/lib/python3/dist-packages/colcon_core/task/python/colcon_distutils_commands:/home/pdas/UAV_NAV_ROS/install/imu_bmx160_driver/lib/python3.12/site-packages:${PYTHONPATH} /usr/bin/python3 -W ignore:setup.py install is deprecated -W ignore:easy_install command is deprecated setup.py develop --editable --build-directory /home/pdas/UAV_NAV_ROS/build/imu_bmx160_driver/build --no-deps symlink_data
[2.882s] DEBUG:colcon.colcon_core.event_handler.log_command:Invoking command in '/home/pdas/UAV_NAV_ROS/build/ekf2_estimator': PYTHONPATH=/home/pdas/UAV_NAV_ROS/build/ekf2_estimator/prefix_override:/usr/lib/python3/dist-packages/colcon_core/task/python/colcon_distutils_commands:/home/pdas/UAV_NAV_ROS/install/ekf2_estimator/lib/python3.12/site-packages:${PYTHONPATH} /usr/bin/python3 -W ignore:setup.py install is deprecated -W ignore:easy_install command is deprecated setup.py develop --editable --build-directory /home/pdas/UAV_NAV_ROS/build/ekf2_estimator/build --no-deps symlink_data
[4.112s] Level 1:colcon.colcon_core.shell:create_environment_hook('gps_zoe_m8q_driver', 'pythonpath_develop')
[4.114s] INFO:colcon.colcon_core.shell:Creating environment hook '/home/pdas/UAV_NAV_ROS/build/gps_zoe_m8q_driver/share/gps_zoe_m8q_driver/hook/pythonpath_develop.ps1'
[4.116s] DEBUG:colcon.colcon_core.event_handler.log_command:Invoked command in '/home/pdas/UAV_NAV_ROS/build/gps_zoe_m8q_driver' returned '0': PYTHONPATH=/home/pdas/UAV_NAV_ROS/build/gps_zoe_m8q_driver/prefix_override:/usr/lib/python3/dist-packages/colcon_core/task/python/colcon_distutils_commands:/home/pdas/UAV_NAV_ROS/install/gps_zoe_m8q_driver/lib/python3.12/site-packages:${PYTHONPATH} /usr/bin/python3 -W ignore:setup.py install is deprecated -W ignore:easy_install command is deprecated setup.py develop --editable --build-directory /home/pdas/UAV_NAV_ROS/build/gps_zoe_m8q_driver/build --no-deps symlink_data
[4.117s] INFO:colcon.colcon_core.shell:Creating environment descriptor '/home/pdas/UAV_NAV_ROS/build/gps_zoe_m8q_driver/share/gps_zoe_m8q_driver/hook/pythonpath_develop.dsv'
[4.119s] INFO:colcon.colcon_core.shell:Creating environment hook '/home/pdas/UAV_NAV_ROS/build/gps_zoe_m8q_driver/share/gps_zoe_m8q_driver/hook/pythonpath_develop.sh'
[4.126s] Level 1:colcon.colcon_core.environment:checking '/home/pdas/UAV_NAV_ROS/install/gps_zoe_m8q_driver' for CMake module files
[4.127s] Level 1:colcon.colcon_core.environment:checking '/home/pdas/UAV_NAV_ROS/install/gps_zoe_m8q_driver' for CMake config files
[4.129s] Level 1:colcon.colcon_core.environment:checking '/home/pdas/UAV_NAV_ROS/install/gps_zoe_m8q_driver/lib'
[4.130s] Level 1:colcon.colcon_core.environment:checking '/home/pdas/UAV_NAV_ROS/install/gps_zoe_m8q_driver/bin'
[4.130s] Level 1:colcon.colcon_core.shell:create_environment_hook('gps_zoe_m8q_driver', 'path')
[4.130s] INFO:colcon.colcon_core.shell:Creating environment hook '/home/pdas/UAV_NAV_ROS/install/gps_zoe_m8q_driver/share/gps_zoe_m8q_driver/hook/path.ps1'
[4.133s] INFO:colcon.colcon_core.shell:Creating environment descriptor '/home/pdas/UAV_NAV_ROS/install/gps_zoe_m8q_driver/share/gps_zoe_m8q_driver/hook/path.dsv'
[4.135s] INFO:colcon.colcon_core.shell:Creating environment hook '/home/pdas/UAV_NAV_ROS/install/gps_zoe_m8q_driver/share/gps_zoe_m8q_driver/hook/path.sh'
[4.137s] Level 1:colcon.colcon_core.environment:checking '/home/pdas/UAV_NAV_ROS/install/gps_zoe_m8q_driver/lib/pkgconfig/gps_zoe_m8q_driver.pc'
[4.138s] Level 1:colcon.colcon_core.environment:checking '/home/pdas/UAV_NAV_ROS/install/gps_zoe_m8q_driver/lib/python3.12/site-packages'
[4.138s] Level 1:colcon.colcon_core.shell:create_environment_hook('gps_zoe_m8q_driver', 'pythonpath')
[4.139s] INFO:colcon.colcon_core.shell:Creating environment hook '/home/pdas/UAV_NAV_ROS/install/gps_zoe_m8q_driver/share/gps_zoe_m8q_driver/hook/pythonpath.ps1'
[4.141s] INFO:colcon.colcon_core.shell:Creating environment descriptor '/home/pdas/UAV_NAV_ROS/install/gps_zoe_m8q_driver/share/gps_zoe_m8q_driver/hook/pythonpath.dsv'
[4.143s] INFO:colcon.colcon_core.shell:Creating environment hook '/home/pdas/UAV_NAV_ROS/install/gps_zoe_m8q_driver/share/gps_zoe_m8q_driver/hook/pythonpath.sh'
[4.145s] Level 1:colcon.colcon_core.environment:checking '/home/pdas/UAV_NAV_ROS/install/gps_zoe_m8q_driver/bin'
[4.145s] Level 1:colcon.colcon_core.shell:create_environment_hook('gps_zoe_m8q_driver', 'pythonscriptspath')
[4.146s] INFO:colcon.colcon_core.shell:Creating environment hook '/home/pdas/UAV_NAV_ROS/install/gps_zoe_m8q_driver/share/gps_zoe_m8q_driver/hook/pythonscriptspath.ps1'
[4.147s] INFO:colcon.colcon_core.shell:Creating environment descriptor '/home/pdas/UAV_NAV_ROS/install/gps_zoe_m8q_driver/share/gps_zoe_m8q_driver/hook/pythonscriptspath.dsv'
[4.148s] INFO:colcon.colcon_core.shell:Creating environment hook '/home/pdas/UAV_NAV_ROS/install/gps_zoe_m8q_driver/share/gps_zoe_m8q_driver/hook/pythonscriptspath.sh'
[4.148s] Level 1:colcon.colcon_core.environment:create_environment_scripts_only(gps_zoe_m8q_driver)
[4.150s] INFO:colcon.colcon_core.shell:Creating package script '/home/pdas/UAV_NAV_ROS/install/gps_zoe_m8q_driver/share/gps_zoe_m8q_driver/package.ps1'
[4.152s] INFO:colcon.colcon_core.shell:Creating package descriptor '/home/pdas/UAV_NAV_ROS/install/gps_zoe_m8q_driver/share/gps_zoe_m8q_driver/package.dsv'
[4.153s] INFO:colcon.colcon_core.shell:Creating package script '/home/pdas/UAV_NAV_ROS/install/gps_zoe_m8q_driver/share/gps_zoe_m8q_driver/package.sh'
[4.155s] INFO:colcon.colcon_core.shell:Creating package script '/home/pdas/UAV_NAV_ROS/install/gps_zoe_m8q_driver/share/gps_zoe_m8q_driver/package.bash'
[4.157s] INFO:colcon.colcon_core.shell:Creating package script '/home/pdas/UAV_NAV_ROS/install/gps_zoe_m8q_driver/share/gps_zoe_m8q_driver/package.zsh'
[4.158s] Level 1:colcon.colcon_core.environment:create_file_with_runtime_dependencies(/home/pdas/UAV_NAV_ROS/install/gps_zoe_m8q_driver/share/colcon-core/packages/gps_zoe_m8q_driver)
[4.161s] Level 1:colcon.colcon_core.shell:create_environment_hook('imu_bmx160_driver', 'pythonpath_develop')
[4.162s] INFO:colcon.colcon_core.shell:Creating environment hook '/home/pdas/UAV_NAV_ROS/build/imu_bmx160_driver/share/imu_bmx160_driver/hook/pythonpath_develop.ps1'
[4.163s] DEBUG:colcon.colcon_core.event_handler.log_command:Invoked command in '/home/pdas/UAV_NAV_ROS/build/imu_bmx160_driver' returned '0': PYTHONPATH=/home/pdas/UAV_NAV_ROS/build/imu_bmx160_driver/prefix_override:/usr/lib/python3/dist-packages/colcon_core/task/python/colcon_distutils_commands:/home/pdas/UAV_NAV_ROS/install/imu_bmx160_driver/lib/python3.12/site-packages:${PYTHONPATH} /usr/bin/python3 -W ignore:setup.py install is deprecated -W ignore:easy_install command is deprecated setup.py develop --editable --build-directory /home/pdas/UAV_NAV_ROS/build/imu_bmx160_driver/build --no-deps symlink_data
[4.164s] INFO:colcon.colcon_core.shell:Creating environment descriptor '/home/pdas/UAV_NAV_ROS/build/imu_bmx160_driver/share/imu_bmx160_driver/hook/pythonpath_develop.dsv'
[4.165s] INFO:colcon.colcon_core.shell:Creating environment hook '/home/pdas/UAV_NAV_ROS/build/imu_bmx160_driver/share/imu_bmx160_driver/hook/pythonpath_develop.sh'
[4.167s] Level 1:colcon.colcon_core.environment:checking '/home/pdas/UAV_NAV_ROS/install/imu_bmx160_driver' for CMake module files
[4.167s] Level 1:colcon.colcon_core.environment:checking '/home/pdas/UAV_NAV_ROS/install/imu_bmx160_driver' for CMake config files
[4.168s] Level 1:colcon.colcon_core.environment:checking '/home/pdas/UAV_NAV_ROS/install/imu_bmx160_driver/lib'
[4.169s] Level 1:colcon.colcon_core.environment:checking '/home/pdas/UAV_NAV_ROS/install/imu_bmx160_driver/bin'
[4.169s] Level 1:colcon.colcon_core.shell:create_environment_hook('imu_bmx160_driver', 'path')
[4.169s] INFO:colcon.colcon_core.shell:Creating environment hook '/home/pdas/UAV_NAV_ROS/install/imu_bmx160_driver/share/imu_bmx160_driver/hook/path.ps1'
[4.170s] INFO:colcon.colcon_core.shell:Creating environment descriptor '/home/pdas/UAV_NAV_ROS/install/imu_bmx160_driver/share/imu_bmx160_driver/hook/path.dsv'
[4.171s] INFO:colcon.colcon_core.shell:Creating environment hook '/home/pdas/UAV_NAV_ROS/install/imu_bmx160_driver/share/imu_bmx160_driver/hook/path.sh'
[4.173s] Level 1:colcon.colcon_core.environment:checking '/home/pdas/UAV_NAV_ROS/install/imu_bmx160_driver/lib/pkgconfig/imu_bmx160_driver.pc'
[4.173s] Level 1:colcon.colcon_core.environment:checking '/home/pdas/UAV_NAV_ROS/install/imu_bmx160_driver/lib/python3.12/site-packages'
[4.174s] Level 1:colcon.colcon_core.shell:create_environment_hook('imu_bmx160_driver', 'pythonpath')
[4.174s] INFO:colcon.colcon_core.shell:Creating environment hook '/home/pdas/UAV_NAV_ROS/install/imu_bmx160_driver/share/imu_bmx160_driver/hook/pythonpath.ps1'
[4.176s] INFO:colcon.colcon_core.shell:Creating environment descriptor '/home/pdas/UAV_NAV_ROS/install/imu_bmx160_driver/share/imu_bmx160_driver/hook/pythonpath.dsv'
[4.177s] INFO:colcon.colcon_core.shell:Creating environment hook '/home/pdas/UAV_NAV_ROS/install/imu_bmx160_driver/share/imu_bmx160_driver/hook/pythonpath.sh'
[4.180s] Level 1:colcon.colcon_core.environment:checking '/home/pdas/UAV_NAV_ROS/install/imu_bmx160_driver/bin'
[4.180s] Level 1:colcon.colcon_core.shell:create_environment_hook('imu_bmx160_driver', 'pythonscriptspath')
[4.181s] INFO:colcon.colcon_core.shell:Creating environment hook '/home/pdas/UAV_NAV_ROS/install/imu_bmx160_driver/share/imu_bmx160_driver/hook/pythonscriptspath.ps1'
[4.183s] INFO:colcon.colcon_core.shell:Creating environment descriptor '/home/pdas/UAV_NAV_ROS/install/imu_bmx160_driver/share/imu_bmx160_driver/hook/pythonscriptspath.dsv'
[4.184s] INFO:colcon.colcon_core.shell:Creating environment hook '/home/pdas/UAV_NAV_ROS/install/imu_bmx160_driver/share/imu_bmx160_driver/hook/pythonscriptspath.sh'
[4.186s] Level 1:colcon.colcon_core.environment:create_environment_scripts_only(imu_bmx160_driver)
[4.187s] INFO:colcon.colcon_core.shell:Creating package script '/home/pdas/UAV_NAV_ROS/install/imu_bmx160_driver/share/imu_bmx160_driver/package.ps1'
[4.189s] INFO:colcon.colcon_core.shell:Creating package descriptor '/home/pdas/UAV_NAV_ROS/install/imu_bmx160_driver/share/imu_bmx160_driver/package.dsv'
[4.191s] INFO:colcon.colcon_core.shell:Creating package script '/home/pdas/UAV_NAV_ROS/install/imu_bmx160_driver/share/imu_bmx160_driver/package.sh'
[4.192s] INFO:colcon.colcon_core.shell:Creating package script '/home/pdas/UAV_NAV_ROS/install/imu_bmx160_driver/share/imu_bmx160_driver/package.bash'
[4.194s] INFO:colcon.colcon_core.shell:Creating package script '/home/pdas/UAV_NAV_ROS/install/imu_bmx160_driver/share/imu_bmx160_driver/package.zsh'
[4.194s] Level 1:colcon.colcon_core.environment:create_file_with_runtime_dependencies(/home/pdas/UAV_NAV_ROS/install/imu_bmx160_driver/share/colcon-core/packages/imu_bmx160_driver)
[4.220s] Level 1:colcon.colcon_core.shell:create_environment_hook('ekf2_estimator', 'pythonpath_develop')
[4.220s] INFO:colcon.colcon_core.shell:Creating environment hook '/home/pdas/UAV_NAV_ROS/build/ekf2_estimator/share/ekf2_estimator/hook/pythonpath_develop.ps1'
[4.221s] DEBUG:colcon.colcon_core.event_handler.log_command:Invoked command in '/home/pdas/UAV_NAV_ROS/build/ekf2_estimator' returned '0': PYTHONPATH=/home/pdas/UAV_NAV_ROS/build/ekf2_estimator/prefix_override:/usr/lib/python3/dist-packages/colcon_core/task/python/colcon_distutils_commands:/home/pdas/UAV_NAV_ROS/install/ekf2_estimator/lib/python3.12/site-packages:${PYTHONPATH} /usr/bin/python3 -W ignore:setup.py install is deprecated -W ignore:easy_install command is deprecated setup.py develop --editable --build-directory /home/pdas/UAV_NAV_ROS/build/ekf2_estimator/build --no-deps symlink_data
[4.221s] INFO:colcon.colcon_core.shell:Creating environment descriptor '/home/pdas/UAV_NAV_ROS/build/ekf2_estimator/share/ekf2_estimator/hook/pythonpath_develop.dsv'
[4.222s] INFO:colcon.colcon_core.shell:Creating environment hook '/home/pdas/UAV_NAV_ROS/build/ekf2_estimator/share/ekf2_estimator/hook/pythonpath_develop.sh'
[4.223s] Level 1:colcon.colcon_core.environment:checking '/home/pdas/UAV_NAV_ROS/install/ekf2_estimator' for CMake module files
[4.224s] Level 1:colcon.colcon_core.environment:checking '/home/pdas/UAV_NAV_ROS/install/ekf2_estimator' for CMake config files
[4.224s] Level 1:colcon.colcon_core.environment:checking '/home/pdas/UAV_NAV_ROS/install/ekf2_estimator/lib'
[4.224s] Level 1:colcon.colcon_core.environment:checking '/home/pdas/UAV_NAV_ROS/install/ekf2_estimator/bin'
[4.224s] Level 1:colcon.colcon_core.shell:create_environment_hook('ekf2_estimator', 'path')
[4.225s] INFO:colcon.colcon_core.shell:Creating environment hook '/home/pdas/UAV_NAV_ROS/install/ekf2_estimator/share/ekf2_estimator/hook/path.ps1'
[4.225s] INFO:colcon.colcon_core.shell:Creating environment descriptor '/home/pdas/UAV_NAV_ROS/install/ekf2_estimator/share/ekf2_estimator/hook/path.dsv'
[4.226s] INFO:colcon.colcon_core.shell:Creating environment hook '/home/pdas/UAV_NAV_ROS/install/ekf2_estimator/share/ekf2_estimator/hook/path.sh'
[4.227s] Level 1:colcon.colcon_core.environment:checking '/home/pdas/UAV_NAV_ROS/install/ekf2_estimator/lib/pkgconfig/ekf2_estimator.pc'
[4.227s] Level 1:colcon.colcon_core.environment:checking '/home/pdas/UAV_NAV_ROS/install/ekf2_estimator/lib/python3.12/site-packages'
[4.227s] Level 1:colcon.colcon_core.shell:create_environment_hook('ekf2_estimator', 'pythonpath')
[4.227s] INFO:colcon.colcon_core.shell:Creating environment hook '/home/pdas/UAV_NAV_ROS/install/ekf2_estimator/share/ekf2_estimator/hook/pythonpath.ps1'
[4.229s] INFO:colcon.colcon_core.shell:Creating environment descriptor '/home/pdas/UAV_NAV_ROS/install/ekf2_estimator/share/ekf2_estimator/hook/pythonpath.dsv'
[4.229s] INFO:colcon.colcon_core.shell:Creating environment hook '/home/pdas/UAV_NAV_ROS/install/ekf2_estimator/share/ekf2_estimator/hook/pythonpath.sh'
[4.230s] Level 1:colcon.colcon_core.environment:checking '/home/pdas/UAV_NAV_ROS/install/ekf2_estimator/bin'
[4.230s] Level 1:colcon.colcon_core.shell:create_environment_hook('ekf2_estimator', 'pythonscriptspath')
[4.231s] INFO:colcon.colcon_core.shell:Creating environment hook '/home/pdas/UAV_NAV_ROS/install/ekf2_estimator/share/ekf2_estimator/hook/pythonscriptspath.ps1'
[4.231s] INFO:colcon.colcon_core.shell:Creating environment descriptor '/home/pdas/UAV_NAV_ROS/install/ekf2_estimator/share/ekf2_estimator/hook/pythonscriptspath.dsv'
[4.232s] INFO:colcon.colcon_core.shell:Creating environment hook '/home/pdas/UAV_NAV_ROS/install/ekf2_estimator/share/ekf2_estimator/hook/pythonscriptspath.sh'
[4.233s] Level 1:colcon.colcon_core.environment:create_environment_scripts_only(ekf2_estimator)
[4.233s] INFO:colcon.colcon_core.shell:Creating package script '/home/pdas/UAV_NAV_ROS/install/ekf2_estimator/share/ekf2_estimator/package.ps1'
[4.234s] INFO:colcon.colcon_core.shell:Creating package descriptor '/home/pdas/UAV_NAV_ROS/install/ekf2_estimator/share/ekf2_estimator/package.dsv'
[4.235s] INFO:colcon.colcon_core.shell:Creating package script '/home/pdas/UAV_NAV_ROS/install/ekf2_estimator/share/ekf2_estimator/package.sh'
[4.235s] INFO:colcon.colcon_core.shell:Creating package script '/home/pdas/UAV_NAV_ROS/install/ekf2_estimator/share/ekf2_estimator/package.bash'
[4.236s] INFO:colcon.colcon_core.shell:Creating package script '/home/pdas/UAV_NAV_ROS/install/ekf2_estimator/share/ekf2_estimator/package.zsh'
[4.237s] Level 1:colcon.colcon_core.environment:create_file_with_runtime_dependencies(/home/pdas/UAV_NAV_ROS/install/ekf2_estimator/share/colcon-core/packages/ekf2_estimator)
[4.238s] DEBUG:colcon.colcon_parallel_executor.executor.parallel:closing loop
[4.239s] DEBUG:colcon.colcon_parallel_executor.executor.parallel:loop closed
[4.239s] DEBUG:colcon.colcon_parallel_executor.executor.parallel:run_until_complete finished with '0'
[4.240s] DEBUG:colcon.colcon_core.event_reactor:joining thread
[4.249s] INFO:colcon.colcon_core.plugin_system:Skipping extension 'colcon_notification.desktop_notification.notify_send': Could not find 'notify-send'
[4.249s] INFO:colcon.colcon_core.plugin_system:Skipping extension 'colcon_notification.desktop_notification.terminal_notifier': Not used on non-Darwin systems
[4.249s] INFO:colcon.colcon_core.plugin_system:Skipping extension 'colcon_notification.desktop_notification.win32': Not used on non-Windows systems
[4.249s] INFO:colcon.colcon_notification.desktop_notification:Sending desktop notification using 'notify2'
[4.250s] DEBUG:colcon.colcon_notification.desktop_notification.notify2:Failed to initialize notify2: org.freedesktop.DBus.Error.ServiceUnknown: The name org.freedesktop.Notifications was not provided by any .service files
[4.250s] DEBUG:colcon.colcon_core.event_reactor:joined thread
[4.251s] INFO:colcon.colcon_core.shell:Creating prefix script '/home/pdas/UAV_NAV_ROS/install/local_setup.ps1'
[4.252s] INFO:colcon.colcon_core.shell:Creating prefix util module '/home/pdas/UAV_NAV_ROS/install/_local_setup_util_ps1.py'
[4.254s] INFO:colcon.colcon_core.shell:Creating prefix chain script '/home/pdas/UAV_NAV_ROS/install/setup.ps1'
[4.256s] INFO:colcon.colcon_core.shell:Creating prefix script '/home/pdas/UAV_NAV_ROS/install/local_setup.sh'
[4.257s] INFO:colcon.colcon_core.shell:Creating prefix util module '/home/pdas/UAV_NAV_ROS/install/_local_setup_util_sh.py'
[4.258s] INFO:colcon.colcon_core.shell:Creating prefix chain script '/home/pdas/UAV_NAV_ROS/install/setup.sh'
[4.260s] INFO:colcon.colcon_core.shell:Creating prefix script '/home/pdas/UAV_NAV_ROS/install/local_setup.bash'
[4.261s] INFO:colcon.colcon_core.shell:Creating prefix chain script '/home/pdas/UAV_NAV_ROS/install/setup.bash'
[4.264s] INFO:colcon.colcon_core.shell:Creating prefix script '/home/pdas/UAV_NAV_ROS/install/local_setup.zsh'
[4.265s] INFO:colcon.colcon_core.shell:Creating prefix chain script '/home/pdas/UAV_NAV_ROS/install/setup.zsh'
