[2.414s] Invoking command in '/home/pdas/UAV_NAV_ROS/build/imu_bmx160_driver': PYTHONPATH=/home/pdas/UAV_NAV_ROS/build/imu_bmx160_driver/prefix_override:/usr/lib/python3/dist-packages/colcon_core/task/python/colcon_distutils_commands:/home/pdas/UAV_NAV_ROS/install/imu_bmx160_driver/lib/python3.12/site-packages:${PYTHONPATH} /usr/bin/python3 -W ignore:setup.py install is deprecated -W ignore:easy_install command is deprecated setup.py develop --editable --build-directory /home/pdas/UAV_NAV_ROS/build/imu_bmx160_driver/build --no-deps symlink_data
[2.982s] running develop
[3.278s] running egg_info
[3.278s] creating imu_bmx160_driver.egg-info
[3.309s] writing imu_bmx160_driver.egg-info/PKG-INFO
[3.309s] writing dependency_links to imu_bmx160_driver.egg-info/dependency_links.txt
[3.310s] writing entry points to imu_bmx160_driver.egg-info/entry_points.txt
[3.310s] writing requirements to imu_bmx160_driver.egg-info/requires.txt
[3.311s] writing top-level names to imu_bmx160_driver.egg-info/top_level.txt
[3.311s] writing manifest file 'imu_bmx160_driver.egg-info/SOURCES.txt'
[3.367s] reading manifest file 'imu_bmx160_driver.egg-info/SOURCES.txt'
[3.368s] writing manifest file 'imu_bmx160_driver.egg-info/SOURCES.txt'
[3.400s] running build_ext
[3.400s] Creating /home/pdas/UAV_NAV_ROS/install/imu_bmx160_driver/lib/python3.12/site-packages/imu-bmx160-driver.egg-link (link to .)
[3.403s] Installing imu_bmx160_driver_node script to /home/pdas/UAV_NAV_ROS/install/imu_bmx160_driver/bin
[3.405s] 
[3.406s] Installed /home/pdas/UAV_NAV_ROS/build/imu_bmx160_driver
[3.406s] running symlink_data
[3.406s] creating /home/pdas/UAV_NAV_ROS/install/imu_bmx160_driver/share/ament_index
[3.407s] creating /home/pdas/UAV_NAV_ROS/install/imu_bmx160_driver/share/ament_index/resource_index
[3.407s] creating /home/pdas/UAV_NAV_ROS/install/imu_bmx160_driver/share/ament_index/resource_index/packages
[3.408s] error: can't copy '/home/pdas/UAV_NAV_ROS/build/imu_bmx160_driver/resource/imu_bmx160_driver': doesn't exist or not a regular file
