[2.429s] Invoking command in '/home/pdas/UAV_NAV_ROS/build/gps_zoe_m8q_driver': PYTHONPATH=/home/pdas/UAV_NAV_ROS/build/gps_zoe_m8q_driver/prefix_override:/usr/lib/python3/dist-packages/colcon_core/task/python/colcon_distutils_commands:/home/pdas/UAV_NAV_ROS/install/gps_zoe_m8q_driver/lib/python3.12/site-packages:${PYTHONPATH} /usr/bin/python3 -W ignore:setup.py install is deprecated -W ignore:easy_install command is deprecated setup.py develop --editable --build-directory /home/pdas/UAV_NAV_ROS/build/gps_zoe_m8q_driver/build --no-deps symlink_data
[2.992s] running develop
[3.288s] running egg_info
[3.289s] creating gps_zoe_m8q_driver.egg-info
[3.319s] writing gps_zoe_m8q_driver.egg-info/PKG-INFO
[3.320s] writing dependency_links to gps_zoe_m8q_driver.egg-info/dependency_links.txt
[3.320s] writing entry points to gps_zoe_m8q_driver.egg-info/entry_points.txt
[3.321s] writing requirements to gps_zoe_m8q_driver.egg-info/requires.txt
[3.321s] writing top-level names to gps_zoe_m8q_driver.egg-info/top_level.txt
[3.321s] writing manifest file 'gps_zoe_m8q_driver.egg-info/SOURCES.txt'
[3.377s] reading manifest file 'gps_zoe_m8q_driver.egg-info/SOURCES.txt'
[3.378s] writing manifest file 'gps_zoe_m8q_driver.egg-info/SOURCES.txt'
[3.409s] running build_ext
[3.410s] Creating /home/pdas/UAV_NAV_ROS/install/gps_zoe_m8q_driver/lib/python3.12/site-packages/gps-zoe-m8q-driver.egg-link (link to .)
[3.411s] Installing gps_zoe_m8q_node script to /home/pdas/UAV_NAV_ROS/install/gps_zoe_m8q_driver/bin
[3.412s] 
[3.412s] Installed /home/pdas/UAV_NAV_ROS/build/gps_zoe_m8q_driver
[3.413s] running symlink_data
[3.414s] creating /home/pdas/UAV_NAV_ROS/install/gps_zoe_m8q_driver/share/ament_index
[3.414s] creating /home/pdas/UAV_NAV_ROS/install/gps_zoe_m8q_driver/share/ament_index/resource_index
[3.414s] creating /home/pdas/UAV_NAV_ROS/install/gps_zoe_m8q_driver/share/ament_index/resource_index/packages
[3.417s] error: can't copy '/home/pdas/UAV_NAV_ROS/build/gps_zoe_m8q_driver/resource/gps_zoe_m8q_driver': doesn't exist or not a regular file
[3.680s] Invoked command in '/home/pdas/UAV_NAV_ROS/build/gps_zoe_m8q_driver' returned '1': PYTHONPATH=/home/pdas/UAV_NAV_ROS/build/gps_zoe_m8q_driver/prefix_override:/usr/lib/python3/dist-packages/colcon_core/task/python/colcon_distutils_commands:/home/pdas/UAV_NAV_ROS/install/gps_zoe_m8q_driver/lib/python3.12/site-packages:${PYTHONPATH} /usr/bin/python3 -W ignore:setup.py install is deprecated -W ignore:easy_install command is deprecated setup.py develop --editable --build-directory /home/pdas/UAV_NAV_ROS/build/gps_zoe_m8q_driver/build --no-deps symlink_data
